For s format:
Error in test 2: ft_printf("%s", (char *)NULL): Segmentation fault!
     in pf_show_signal_msg pf_utils.c:51:7
     in pf_sigsegv pf_utils.c:64:1
4   printf.out                          0x000000010edf6859 ft_separators + 249
5   printf.out                          0x000000010edf66dc ft_printf + 444
6   printf.out                          0x000000010edbf43a test_s + 2954
7   printf.out                          0x000000010edd664c main + 476
8   libdyld.dylib                       0x00007fff6e6e0cc9 start + 1

For p format:
Error in test 1: ft_printf("%p", ""): returned: 12, but expected: 11
Error in test 1: ft_printf("%p", ""): different memory
expected:
0000: 3078 3130 6565 3032 6565 3000 11        ->  0x10ee02ee0..
yours:
0000: 3078 0031 3065 6530 3265 6530 00        ->  0x.10ee02ee0.

Error in test 2: ft_printf("%p", NULL): returned: 5, but expected: 3
Error in test 2: ft_printf("%p", NULL): different memory
expected:
0000: 3078 3000 1111                          ->  0x0...
yours:
0000: 286e 696c 2900                          ->  (nil).

Error in test 3: ft_printf("%p", (void *)-14523): returned: 19, but expected: 18
Error in test 3: ft_printf("%p", (void *)-14523): different memory
expected:
0000: 3078 6666 6666 6666 6666 6666 6666 6337 ->  0xffffffffffffc7
0010: 3435 0011                               ->  45..
yours:
0000: 3078 0e66 6666 6666 6666 6666 6666 6663 ->  0x.ffffffffffffc
0010: 3734 3500                               ->  745.

Error in test 4: ft_printf("0x%p-", (void *)ULONG_MAX): returned: 22, but expected: 21
Error in test 4: ft_printf("0x%p-", (void *)ULONG_MAX): different memory
expected:
0000: 3078 3078 6666 6666 6666 6666 6666 6666 ->  0x0xffffffffffff
0010: 6666 6666 2d00 11                       ->  ffff-..
yours:
0000: 3078 3078 0e66 6666 6666 6666 6666 6666 ->  0x0x.fffffffffff
0010: 6666 6666 662d 00                       ->  fffff-.

Error in test 5: ft_printf("%pp%p%p", (void *)LONG_MAX + 423856, (void *)0, (void *)INT_MAX): returned: 36, but expected: 32
Error in test 5: ft_printf("%pp%p%p", (void *)LONG_MAX + 423856, (void *)0, (void *)INT_MAX): different memory
expected:
0000: 3078 3830 3030 3030 3030 3030 3036 3737 ->  0x80000000000677
0010: 6166 7030 7830 3078 3766 6666 6666 6666 ->  afp0x00x7fffffff
0020: 0011 1111 11                            ->  .....
yours:
0000: 3078 0e38 3030 3030 3030 3030 3030 3637 ->  0x.8000000000067
0010: 3761 6670 286e 696c 2930 7830 3766 6666 ->  7afp(nil)0x07fff
0020: 6666 6666 00                            ->  ffff.

For d format:
Error in test 9: ft_printf("%d", INT_MIN): Timeout occurred. You can increase the timeout by executing francinette --timeout <number of seconds>
For i format:
Error in test 9: ft_printf("%i", INT_MIN): Timeout occurred. You can increase the timeout by executing francinette --timeout <number of seconds>
For random:
Error in test 1: ft_printf("|7fH3?\f=%pIX\t0nc%XW`%c8Fi7$0%%Uv"e*Y%iKta`D%s,E+p( >%c/VKEk4_;u/%d|XZ}j!", (void *)6557891000570964789, 2102527358, 1679101726, -366518641, "4u[JQlkXzBMAi15LuJ![{TU/I}gZi5m|a#2.|Y_24(go,gIY^G\va~C+h=XfPH", 328080388, -993200431): returned: 167, but expected: 166
Error in test 1: ft_printf("|7fH3?\f=%pIX\t0nc%XW`%c8Fi7$0%%Uv"e*Y%iKta`D%s,E+p( >%c/VKEk4_;u/%d|XZ}j!", (void *)6557891000570964789, 2102527358, 1679101726, -366518641, "4u[JQlkXzBMAi15LuJ![{TU/I}gZi5m|a#2.|Y_24(go,gIY^G\va~C+h=XfPH", 328080388, -993200431): different memory
expected:
0000: 7c37 6648 333f 0c3d 3078 3562 3032 3466 ->  |7fH3?.=0x5b024f
0010: 3165 6163 6333 3662 3335 4958 0930 6e63 ->  1eacc36b35IX.0nc
0020: 3744 3532 3035 3745 5760 1e38 4669 3724 ->  7D52057EW`.8Fi7$
0030: 3025 5576 2265 2a59 2d33 3636 3531 3836 ->  0%Uv"e*Y-3665186
0040: 3431 4b74 6160 4434 755b 4a51 6c6b 587a ->  41Kta`D4u[JQlkXz
0050: 424d 4169 3135 4c75 4a21 5b7b 5455 2f49 ->  BMAi15LuJ![{TU/I
0060: 7d67 5a69 356d 7c61 2332 2e7c 595f 3234 ->  }gZi5m|a#2.|Y_24
0070: 2867 6f2c 6749 595e 470b 617e 432b 683d ->  (go,gIY^G.a~C+h=
0080: 5866 5048 2c45 2b70 2820 3e04 2f56 4b45 ->  XfPH,E+p( >./VKE
0090: 6b34 5f3b 752f 2d39 3933 3230 3034 3331 ->  k4_;u/-993200431
00a0: 7c58 5a7d 6a21 0011                     ->  |XZ}j!..
yours:
0000: 7c37 6648 333f 0c3d 3078 0035 6230 3234 ->  |7fH3?.=0x.5b024
0010: 6631 6561 6363 3336 6233 3549 5809 306e ->  f1eacc36b35IX.0n
0020: 6337 4435 3230 3537 4557 601e 3846 6937 ->  c7D52057EW`.8Fi7
0030: 2430 2555 7622 652a 592d 3336 3635 3138 ->  $0%Uv"e*Y-366518
0040: 3634 314b 7461 6044 3475 5b4a 516c 6b58 ->  641Kta`D4u[JQlkX
0050: 7a42 4d41 6931 354c 754a 215b 7b54 552f ->  zBMAi15LuJ![{TU/
0060: 497d 675a 6935 6d7c 6123 322e 7c59 5f32 ->  I}gZi5m|a#2.|Y_2
0070: 3428 676f 2c67 4959 5e47 0b61 7e43 2b68 ->  4(go,gIY^G.a~C+h
0080: 3d58 6650 482c 452b 7028 203e 042f 564b ->  =XfPH,E+p( >./VK
0090: 456b 345f 3b75 2f2d 3939 3332 3030 3433 ->  Ek4_;u/-99320043
00a0: 317c 585a 7d6a 2100                     ->  1|XZ}j!.

Error in test 4: ft_printf("\vJXF\f%pG6DW0)L5%i*LkN\6.%pMhV`q|[~"$%dX+l^%p", (void *)4766223101726520330, 902420892, (void *)1903410562183117468, 1453901112, (void *)-4921625215091153709): returned: 110, but expected: 107
Error in test 4: ft_printf("\vJXF\f%pG6DW0)L5%i*LkN\6.%pMhV`q|[~"$%dX+l^%p", (void *)4766223101726520330, 902420892, (void *)1903410562183117468, 1453901112, (void *)-4921625215091153709): different memory
expected:
0000: 0b4a 5846 0c30 7834 3232 3530 3661 3839 ->  .JXF.0x422506a89
0010: 3261 6237 3430 6147 3644 5730 294c 3539 ->  2ab740aG6DW0)L59
0020: 3032 3432 3038 3932 2a4c 6b4e 5c36 2e30 ->  02420892*LkN\6.0
0030: 7831 6136 6134 3564 3235 3461 3662 6139 ->  x1a6a45d254a6ba9
0040: 634d 6856 6071 7c5b 7e22 2431 3435 3339 ->  cMhV`q|[~"$14539
0050: 3031 3131 3258 2b6c 5e30 7862 6262 3264 ->  01112X+l^0xbbb2d
0060: 6666 3135 3865 3265 3464 3300 1111 11   ->  ff158e2e4d3....
yours:
0000: 0b4a 5846 0c30 781f 3432 3235 3036 6138 ->  .JXF.0x.422506a8
0010: 3932 6162 3734 3061 4736 4457 3029 4c35 ->  92ab740aG6DW0)L5
0020: 3930 3234 3230 3839 322a 4c6b 4e5c 362e ->  902420892*LkN\6.
0030: 3078 9c31 6136 6134 3564 3235 3461 3662 ->  0x.1a6a45d254a6b
0040: 6139 634d 6856 6071 7c5b 7e22 2431 3435 ->  a9cMhV`q|[~"$145
0050: 3339 3031 3131 3258 2b6c 5e30 7838 6262 ->  3901112X+l^0x8bb
0060: 6232 6466 6631 3538 6532 6534 6433 00   ->  b2dff158e2e4d3.

Error in test 5: ft_printf("\nHf7{B%ce\fSle1*8b%pWO.t|%X; E.f>h%%yW@%uN%X:/MRk\r=\tY%%7 G+\v 4", -692090436, (void *)6869786965876344802, 717186809, -955978868, -995107797): returned: 95, but expected: 94
Error in test 5: ft_printf("\nHf7{B%ce\fSle1*8b%pWO.t|%X; E.f>h%%yW@%uN%X:/MRk\r=\tY%%7 G+\v 4", -692090436, (void *)6869786965876344802, 717186809, -955978868, -995107797): different memory
expected:
0000: 0a48 6637 7b42 bc65 0c53 6c65 312a 3862 ->  .Hf7{B.e.Sle1*8b
0010: 3078 3566 3536 3632 6439 3037 6162 3037 ->  0x5f5662d907ab07
0020: 6532 574f 2e74 7c32 4142 4636 3646 393b ->  e2WO.t|2ABF66F9;
0030: 2045 2e66 3e68 2579 5740 3333 3338 3938 ->   E.f>h%yW@333898
0040: 3834 3238 4e43 3441 4644 4332 423a 2f4d ->  8428NC4AFDC2B:/M
0050: 526b 0d3d 0959 2537 2047 2b0b 2034 0011 ->  Rk.=.Y%7 G+. 4..
yours:
0000: 0a48 6637 7b42 bc65 0c53 6c65 312a 3862 ->  .Hf7{B.e.Sle1*8b
0010: 3078 0e35 6635 3636 3264 3930 3761 6230 ->  0x.5f5662d907ab0
0020: 3765 3257 4f2e 747c 3241 4246 3636 4639 ->  7e2WO.t|2ABF66F9
0030: 3b20 452e 663e 6825 7957 4033 3333 3839 ->  ; E.f>h%yW@33389
0040: 3838 3432 384e 4334 4146 4443 3242 3a2f ->  88428NC4AFDC2B:/
0050: 4d52 6b0d 3d09 5925 3720 472b 0b20 3400 ->  MRk.=.Y%7 G+. 4.

Error in test 7: ft_printf("28C,cL0t4A%i|'iI%X{_%Xh5\nkt%cAe <:0-%u\nM%c\vXcp%p0%xaE%%Ixe80)%xP", 584791506, 738158159, -1916474212, 1240337748, -1008079000, -1750570028, (void *)8071606686119413851, 1126968917, 1376640525): returned: 117, but expected: 116
Error in test 7: ft_printf("28C,cL0t4A%i|'iI%X{_%Xh5\nkt%cAe <:0-%u\nM%c\vXcp%p0%xaE%%Ixe80)%xP", 584791506, 738158159, -1916474212, 1240337748, -1008079000, -1750570028, (void *)8071606686119413851, 1126968917, 1376640525): different memory
expected:
0000: 3238 432c 634c 3074 3441 3538 3437 3931 ->  28C,cL0t4A584791
0010: 3530 367c 2769 4932 4246 4636 3634 467b ->  506|'iI2BFF664F{
0020: 5f38 4443 3445 4339 4368 350a 6b74 5441 ->  _8DC4EC9Ch5.ktTA
0030: 6520 3c3a 302d 3332 3836 3838 3832 3936 ->  e <:0-3286888296
0040: 0a4d d40b 5863 7030 7837 3030 3431 6238 ->  .M..Xcp0x70041b8
0050: 3430 6364 3063 3835 6230 3433 3263 3265 ->  40cd0c85b0432c2e
0060: 3535 6145 2549 7865 3830 2935 3230 6464 ->  55aE%Ixe80)520dd
0070: 6530 6450 0011                          ->  e0dP..
yours:
0000: 3238 432c 634c 3074 3441 3538 3437 3931 ->  28C,cL0t4A584791
0010: 3530 367c 2769 4932 4246 4636 3634 467b ->  506|'iI2BFF664F{
0020: 5f38 4443 3445 4339 4368 350a 6b74 5441 ->  _8DC4EC9Ch5.ktTA
0030: 6520 3c3a 302d 3332 3836 3838 3832 3936 ->  e <:0-3286888296
0040: 0a4d d40b 5863 7030 780a 3730 3034 3162 ->  .M..Xcp0x.70041b
0050: 3834 3063 6430 6338 3562 3034 3332 6332 ->  840cd0c85b0432c2
0060: 6535 3561 4525 4978 6538 3029 3532 3064 ->  e55aE%Ixe80)520d
0070: 6465 3064 5000                          ->  de0dP.

Error in test 10: ft_printf("S.%p0O2]%x`,k<\f\Z&%c%c3k o%p5\ry2%u%%?z1\nQe6%s %itz, [%xc|$av", (void *)1188667579034558554, 78164165, -702075168, -2061933084, (void *)9212218528372725258, 742686738, "_XRzm&b/eNz:vN&TS\r~YK@@\njfJ *g!>TFss7Y61,.", 2114897298, 185208562): returned: 156, but expected: 154
Error in test 10: ft_printf("S.%p0O2]%x`,k<\f\Z&%c%c3k o%p5\ry2%u%%?z1\nQe6%s %itz, [%xc|$av", (void *)1188667579034558554, 78164165, -702075168, -2061933084, (void *)9212218528372725258, 742686738, "_XRzm&b/eNz:vN&TS\r~YK@@\njfJ *g!>TFss7Y61,.", 2114897298, 185208562): different memory
expected:
0000: 532e 3078 3130 3765 6665 6464 3834 3630 ->  S.0x107efedd8460
0010: 6530 3561 304f 325d 3461 3862 3063 3560 ->  e05a0O2]4a8b0c5`
0020: 2c6b 3c0c 5c5a 26e0 e433 6b20 6f30 7837 ->  ,k<.\Z&..3k o0x7
0030: 6664 3835 6666 3137 3065 6439 3630 6135 ->  fd85ff170ed960a5
0040: 0d79 3237 3432 3638 3637 3338 253f 7a31 ->  .y2742686738%?z1
0050: 0a51 6536 5f58 527a 6d26 622f 654e 7a3a ->  .Qe6_XRzm&b/eNz:
0060: 764e 2654 530d 7e59 4b40 400a 6a66 4a20 ->  vN&TS.~YK@@.jfJ 
0070: 2a67 213e 5446 7373 3759 3631 2c2e 2032 ->  *g!>TFss7Y61,. 2
0080: 3131 3438 3937 3239 3874 7a2c 205b 6230 ->  114897298tz, [b0
0090: 6130 6566 3263 7c24 6176 0011 11        ->  a0ef2c|$av...
yours:
0000: 532e 3078 a531 3037 6566 6564 6438 3436 ->  S.0x.107efedd846
0010: 3065 3035 6130 4f32 5d34 6138 6230 6335 ->  0e05a0O2]4a8b0c5
0020: 602c 6b3c 0c5c 5a26 e0e4 336b 206f 3078 ->  `,k<.\Z&..3k o0x
0030: a537 6664 3835 6666 3137 3065 6439 3630 ->  .7fd85ff170ed960
0040: 6135 0d79 3237 3432 3638 3637 3338 253f ->  a5.y2742686738%?
0050: 7a31 0a51 6536 5f58 527a 6d26 622f 654e ->  z1.Qe6_XRzm&b/eN
0060: 7a3a 764e 2654 530d 7e59 4b40 400a 6a66 ->  z:vN&TS.~YK@@.jf
0070: 4a20 2a67 213e 5446 7373 3759 3631 2c2e ->  J *g!>TFss7Y61,.
0080: 2032 3131 3438 3937 3239 3874 7a2c 205b ->   2114897298tz, [
0090: 6230 6130 6566 3263 7c24 6176 00        ->  b0a0ef2c|$av.

Error in test 11: ft_printf("s4%d\nZ~%ci^A)Q4<Du%x/vmM6%p%i}1*k^uRr%Xp%i#/co 55cST", 2075210935, 2126034447, 1765148022, (void *)2383203961540746030, 262554241, -925505384, 1815126371): returned: 103, but expected: 102
Error in test 11: ft_printf("s4%d\nZ~%ci^A)Q4<Du%x/vmM6%p%i}1*k^uRr%Xp%i#/co 55cST", 2075210935, 2126034447, 1765148022, (void *)2383203961540746030, 262554241, -925505384, 1815126371): different memory
expected:
0000: 7334 3230 3735 3231 3039 3335 0a5a 7e0f ->  s42075210935.Z~.
0010: 695e 4129 5134 3c44 7536 3933 3630 3537 ->  i^A)Q4<Du6936057
0020: 362f 766d 4d36 3078 3231 3132 6437 3630 ->  6/vmM60x2112d760
0030: 3532 6630 3962 3265 3236 3235 3534 3234 ->  52f09b2e26255424
0040: 317d 312a 6b5e 7552 7243 3844 3545 3839 ->  1}1*k^uRrC8D5E89
0050: 3870 3138 3135 3132 3633 3731 232f 636f ->  8p1815126371#/co
0060: 2035 3563 5354 0011                     ->   55cST..
yours:
0000: 7334 3230 3735 3231 3039 3335 0a5a 7e0f ->  s42075210935.Z~.
0010: 695e 4129 5134 3c44 7536 3933 3630 3537 ->  i^A)Q4<Du6936057
0020: 362f 766d 4d36 3078 b732 3131 3264 3736 ->  6/vmM60x.2112d76
0030: 3035 3266 3039 6232 6532 3632 3535 3432 ->  052f09b2e2625542
0040: 3431 7d31 2a6b 5e75 5272 4338 4435 4538 ->  41}1*k^uRrC8D5E8
0050: 3938 7031 3831 3531 3236 3337 3123 2f63 ->  98p1815126371#/c
0060: 6f20 3535 6353 5400                     ->  o 55cST.

Error in test 12: ft_printf(">nG#;gk&%pS{J(X{MW%p "^wwqm8%xBy{'J2$d%X\tYA%xoV*j;Ae3H:%x%d", (void *)8033263066908388823, (void *)-4377054004987463079, -2011652917, 40268631, -569524277, -1920949195, -421075517): returned: 124, but expected: 122
Error in test 12: ft_printf(">nG#;gk&%pS{J(X{MW%p "^wwqm8%xBy{'J2$d%X\tYA%xoV*j;Ae3H:%x%d", (void *)8033263066908388823, (void *)-4377054004987463079, -2011652917, 40268631, -569524277, -1920949195, -421075517): different memory
expected:
0000: 3e6e 4723 3b67 6b26 3078 3666 3762 6532 ->  >nG#;gk&0x6f7be2
0010: 3332 3832 3536 6564 6437 537b 4a28 587b ->  328256edd7S{J(X{
0020: 4d57 3078 6333 3431 3934 3932 6236 3035 ->  MW0xc3419492b605
0030: 3761 3539 2022 5e77 7771 6d38 3838 3138 ->  7a59 "^wwqm88818
0040: 3963 6362 4279 7b27 4a32 2464 3236 3637 ->  9ccbBy{'J2$d2667
0050: 3335 3709 5941 6465 3064 6266 6362 6f56 ->  357.YAde0dbfcboV
0060: 2a6a 3b41 6533 483a 3864 3830 6134 3335 ->  *j;Ae3H:8d80a435
0070: 2d34 3231 3037 3535 3137 0011 11        ->  -421075517...
yours:
0000: 3e6e 4723 3b67 6b26 3078 0e36 6637 6265 ->  >nG#;gk&0x.6f7be
0010: 3233 3238 3235 3665 6464 3753 7b4a 2858 ->  2328256edd7S{J(X
0020: 7b4d 5730 780e 6333 3431 3934 3932 6236 ->  {MW0x.c3419492b6
0030: 3035 3761 3539 2022 5e77 7771 6d38 3838 ->  057a59 "^wwqm888
0040: 3138 3963 6362 4279 7b27 4a32 2464 3236 ->  189ccbBy{'J2$d26
0050: 3637 3335 3709 5941 6465 3064 6266 6362 ->  67357.YAde0dbfcb
0060: 6f56 2a6a 3b41 6533 483a 3864 3830 6134 ->  oV*j;Ae3H:8d80a4
0070: 3335 2d34 3231 3037 3535 3137 00        ->  35-421075517.

Error in test 13: ft_printf("{&#fMg!%%;Lr%plXs+3\tE%sdv8~;%c)^*V]eR+%xO<bH)?p{%u{6lnd)\", (void *)-4338980322557293847, "-Gy`vA~^#<LU\n(''}_.n\\)/VQM=ps\\ddBr0{zocKU8]", 1623651670, -1777211116, -1573924269): returned: 127, but expected: 126
Error in test 13: ft_printf("{&#fMg!%%;Lr%plXs+3\tE%sdv8~;%c)^*V]eR+%xO<bH)?p{%u{6lnd)\", (void *)-4338980322557293847, "-Gy`vA~^#<LU\n(''}_.n\\)/VQM=ps\\ddBr0{zocKU8]", 1623651670, -1777211116, -1573924269): different memory
expected:
0000: 7b26 2366 4d67 2125 3b4c 7230 7863 3363 ->  {&#fMg!%;Lr0xc3c
0010: 3864 3836 3262 3239 3030 6165 396c 5873 ->  8d862b2900ae9lXs
0020: 2b33 0945 2d47 7960 7641 7e5e 233c 4c55 ->  +3.E-Gy`vA~^#<LU
0030: 0a28 2727 7d5f 2e6e 5c29 2f56 514d 3d70 ->  .(''}_.n\)/VQM=p
0040: 735c 6464 4272 307b 7a6f 634b 5538 5d64 ->  s\ddBr0{zocKU8]d
0050: 7638 7e3b 5629 5e2a 565d 6552 2b39 3631 ->  v8~;V)^*V]eR+961
0060: 3165 3931 344f 3c62 4829 3f70 7b32 3732 ->  1e914O<bH)?p{272
0070: 3130 3433 3032 377b 366c 6e64 295c 0011 ->  1043027{6lnd)\..
yours:
0000: 7b26 2366 4d67 2125 3b4c 7230 780e 6333 ->  {&#fMg!%;Lr0x.c3
0010: 6338 6438 3632 6232 3930 3061 6539 6c58 ->  c8d862b2900ae9lX
0020: 732b 3309 452d 4779 6076 417e 5e23 3c4c ->  s+3.E-Gy`vA~^#<L
0030: 550a 2827 277d 5f2e 6e5c 292f 5651 4d3d ->  U.(''}_.n\)/VQM=
0040: 7073 5c64 6442 7230 7b7a 6f63 4b55 385d ->  ps\ddBr0{zocKU8]
0050: 6476 387e 3b56 295e 2a56 5d65 522b 3936 ->  dv8~;V)^*V]eR+96
0060: 3131 6539 3134 4f3c 6248 293f 707b 3237 ->  11e914O<bH)?p{27
0070: 3231 3034 3330 3237 7b36 6c6e 6429 5c00 ->  21043027{6lnd)\.

Error in test 17: ft_printf("p^zM%ce7VsD`^%x*!P>a?D5Q1%%G26M*7Z%cou2#<%s;dw*\v|@u%X+;='sLcBP%i(&EOv%pf@tCq\U)r%sO~\relX", 323536043, -1054583212, 755945616, "6V- 4)nkD)R4ztu|uXupPg~3:?kgQ{mbh5B^LC>3rFYNmQvQbKY~[L+`\t5oe\v  /d", 1756790156, 488172293, (void *)-3423278901589115676, "i1rD]\\o.OGu{U?$>St'`UN\r"): returned: 205, but expected: 204
Error in test 17: ft_printf("p^zM%ce7VsD`^%x*!P>a?D5Q1%%G26M*7Z%cou2#<%s;dw*\v|@u%X+;='sLcBP%i(&EOv%pf@tCq\U)r%sO~\relX", 323536043, -1054583212, 755945616, "6V- 4)nkD)R4ztu|uXupPg~3:?kgQ{mbh5B^LC>3rFYNmQvQbKY~[L+`\t5oe\v  /d", 1756790156, 488172293, (void *)-3423278901589115676, "i1rD]\\o.OGu{U?$>St'`UN\r"): different memory
expected:
0000: 705e 7a4d ab65 3756 7344 605e 6331 3234 ->  p^zM.e7VsD`^c124
0010: 3536 3534 2a21 503e 613f 4435 5131 2547 ->  5654*!P>a?D5Q1%G
0020: 3236 4d2a 375a 906f 7532 233c 3656 2d20 ->  26M*7Z.ou2#<6V- 
0030: 3429 6e6b 4429 5234 7a74 757c 7558 7570 ->  4)nkD)R4ztu|uXup
0040: 5067 7e33 3a3f 6b67 517b 6d62 6835 425e ->  Pg~3:?kgQ{mbh5B^
0050: 4c43 3e33 7246 594e 6d51 7651 624b 597e ->  LC>3rFYNmQvQbKY~
0060: 5b4c 2b60 0935 6f65 0b20 202f 643b 6477 ->  [L+`.5oe.  /d;dw
0070: 2a0b 7c40 7536 3842 3637 4438 432b 3b3d ->  *.|@u68B67D8C+;=
0080: 2773 4c63 4250 3438 3831 3732 3239 3328 ->  'sLcBP488172293(
0090: 2645 4f76 3078 6430 3765 3131 6639 6566 ->  &EOv0xd07e11f9ef
00a0: 6230 6663 6534 6640 7443 715c 5529 7269 ->  b0fce4f@tCq\U)ri
00b0: 3172 445d 5c6f 2e4f 4775 7b55 3f24 3e53 ->  1rD]\o.OGu{U?$>S
00c0: 7427 6055 4e0d 4f7e 0d65 6c58 0011      ->  t'`UN.O~.elX..
yours:
0000: 705e 7a4d ab65 3756 7344 605e 6331 3234 ->  p^zM.e7VsD`^c124
0010: 3536 3534 2a21 503e 613f 4435 5131 2547 ->  5654*!P>a?D5Q1%G
0020: 3236 4d2a 375a 906f 7532 233c 3656 2d20 ->  26M*7Z.ou2#<6V- 
0030: 3429 6e6b 4429 5234 7a74 757c 7558 7570 ->  4)nkD)R4ztu|uXup
0040: 5067 7e33 3a3f 6b67 517b 6d62 6835 425e ->  Pg~3:?kgQ{mbh5B^
0050: 4c43 3e33 7246 594e 6d51 7651 624b 597e ->  LC>3rFYNmQvQbKY~
0060: 5b4c 2b60 0935 6f65 0b20 202f 643b 6477 ->  [L+`.5oe.  /d;dw
0070: 2a0b 7c40 7536 3842 3637 4438 432b 3b3d ->  *.|@u68B67D8C+;=
0080: 2773 4c63 4250 3438 3831 3732 3239 3328 ->  'sLcBP488172293(
0090: 2645 4f76 3078 0564 3037 6531 3166 3965 ->  &EOv0x.d07e11f9e
00a0: 6662 3066 6365 3466 4074 4371 5c55 2972 ->  fb0fce4f@tCq\U)r
00b0: 6931 7244 5d5c 6f2e 4f47 757b 553f 243e ->  i1rD]\o.OGu{U?$>
00c0: 5374 2760 554e 0d4f 7e0d 656c 5800      ->  St'`UN.O~.elX.

Error in test 18: ft_printf("H8'\v%%[M\%x)V6!nL3t%idze (a7%x!&p7HS^A%p}h 7xvQP^\v%s[\vsoWr{W%%4#jhR\n%X>'F(Q%uhVFdoKK1", 1353534310, 1516666520, -1560699217, (void *)-7033682466970841998, "/\t>G/d7jH+z~WLB$sO6%;+~@xt\rJ&(,_~ bfooR(v'\"WP)\nt{;{", 1882931129, -1289343057): returned: 183, but expected: 182
Error in test 18: ft_printf("H8'\v%%[M\%x)V6!nL3t%idze (a7%x!&p7HS^A%p}h 7xvQP^\v%s[\vsoWr{W%%4#jhR\n%X>'F(Q%uhVFdoKK1", 1353534310, 1516666520, -1560699217, (void *)-7033682466970841998, "/\t>G/d7jH+z~WLB$sO6%;+~@xt\rJ&(,_~ bfooR(v'\"WP)\nt{;{", 1882931129, -1289343057): different memory
expected:
0000: 4838 270b 255b 4d5c 3530 6164 3462 3636 ->  H8'.%[M\50ad4b66
0010: 2956 3621 6e4c 3374 3135 3136 3636 3635 ->  )V6!nL3t15166665
0020: 3230 647a 6520 2861 3761 3266 3939 6561 ->  20dze (a7a2f99ea
0030: 6621 2670 3748 535e 4130 7839 6536 3335 ->  f!&p7HS^A0x9e635
0040: 3730 6666 3534 6634 6337 327d 6820 3778 ->  70ff54f4c72}h 7x
0050: 7651 505e 0b2f 093e 472f 6437 6a48 2b7a ->  vQP^./.>G/d7jH+z
0060: 7e57 4c42 2473 4f36 253b 2b7e 4078 740d ->  ~WLB$sO6%;+~@xt.
0070: 4a26 282c 5f7e 2062 666f 6f52 2876 2722 ->  J&(,_~ bfooR(v'"
0080: 5750 290a 747b 3b7b 5b0b 736f 5772 7b57 ->  WP).t{;{[.soWr{W
0090: 2534 236a 6852 0a37 3033 4233 4642 393e ->  %4#jhR.703B3FB9>
00a0: 2746 2851 3330 3035 3632 3432 3339 6856 ->  'F(Q3005624239hV
00b0: 4664 6f4b 4b31 0011                     ->  FdoKK1..
yours:
0000: 4838 270b 255b 4d5c 3530 6164 3462 3636 ->  H8'.%[M\50ad4b66
0010: 2956 3621 6e4c 3374 3135 3136 3636 3635 ->  )V6!nL3t15166665
0020: 3230 647a 6520 2861 3761 3266 3939 6561 ->  20dze (a7a2f99ea
0030: 6621 2670 3748 535e 4130 7898 3965 3633 ->  f!&p7HS^A0x.9e63
0040: 3537 3066 6635 3466 3463 3732 7d68 2037 ->  570ff54f4c72}h 7
0050: 7876 5150 5e0b 2f09 3e47 2f64 376a 482b ->  xvQP^./.>G/d7jH+
0060: 7a7e 574c 4224 734f 3625 3b2b 7e40 7874 ->  z~WLB$sO6%;+~@xt
0070: 0d4a 2628 2c5f 7e20 6266 6f6f 5228 7627 ->  .J&(,_~ bfooR(v'
0080: 2257 5029 0a74 7b3b 7b5b 0b73 6f57 727b ->  "WP).t{;{[.soWr{
0090: 5725 3423 6a68 520a 3730 3342 3346 4239 ->  W%4#jhR.703B3FB9
00a0: 3e27 4628 5133 3030 3536 3234 3233 3968 ->  >'F(Q3005624239h
00b0: 5646 646f 4b4b 3100                     ->  VFdoKK1.

Error in test 21: ft_printf("&pBN\%d\}\f Kk0|vi%u91\n%s\fclT\rL2W\t}%us %x"MVAJND$%X<=4 w\Mt/L%iu +1eGYBjP%i%p%pSYs", 1467154049, 268249510, ")^u<5mrh5!yQO@+%@^dNta1;8V\nC=nzU\".[\v\\ri TONYSlh", -316672057, 566317784, -1715100876, -1387488978, -1139256396, (void *)4173687601434523743, (void *)-708837900155939936): returned: 213, but expected: 211
Error in test 21: ft_printf("&pBN\%d\}\f Kk0|vi%u91\n%s\fclT\rL2W\t}%us %x"MVAJND$%X<=4 w\Mt/L%iu +1eGYBjP%i%p%pSYs", 1467154049, 268249510, ")^u<5mrh5!yQO@+%@^dNta1;8V\nC=nzU\".[\v\\ri TONYSlh", -316672057, 566317784, -1715100876, -1387488978, -1139256396, (void *)4173687601434523743, (void *)-708837900155939936): different memory
expected:
0000: 2670 424e 5c31 3436 3731 3534 3034 395c ->  &pBN\1467154049\
0010: 7d0c 204b 6b30 7c76 6932 3638 3234 3935 ->  }. Kk0|vi2682495
0020: 3130 3931 0a29 5e75 3c35 6d72 6835 2179 ->  1091.)^u<5mrh5!y
0030: 514f 402b 2540 5e64 4e74 6131 3b38 560a ->  QO@+%@^dNta1;8V.
0040: 433d 6e7a 5522 2e5b 0b5c 7269 2054 4f4e ->  C=nzU".[.\ri TON
0050: 5953 6c68 0c63 6c54 0d4c 3257 097d 3339 ->  YSlh.clT.L2W.}39
0060: 3738 3239 3532 3339 7320 3231 6331 3532 ->  78295239s 21c152
0070: 6438 224d 5641 4a4e 4424 3939 4335 4133 ->  d8"MVAJND$99C5A3
0080: 3334 3c3d 3420 775c 4d74 2f4c 2d31 3338 ->  34<=4 w\Mt/L-138
0090: 3734 3838 3937 3875 202b 3165 4759 426a ->  7488978u +1eGYBj
00a0: 502d 3131 3339 3235 3633 3936 3078 3339 ->  P-11392563960x39
00b0: 6562 6561 6332 6136 6634 6638 3566 3078 ->  ebeac2a6f4f85f0x
00c0: 6636 3239 6233 6166 3735 6466 3133 6130 ->  f629b3af75df13a0
00d0: 5359 7300 1111                          ->  SYs...
yours:
0000: 2670 424e 5c31 3436 3731 3534 3034 395c ->  &pBN\1467154049\
0010: 7d0c 204b 6b30 7c76 6932 3638 3234 3935 ->  }. Kk0|vi2682495
0020: 3130 3931 0a29 5e75 3c35 6d72 6835 2179 ->  1091.)^u<5mrh5!y
0030: 514f 402b 2540 5e64 4e74 6131 3b38 560a ->  QO@+%@^dNta1;8V.
0040: 433d 6e7a 5522 2e5b 0b5c 7269 2054 4f4e ->  C=nzU".[.\ri TON
0050: 5953 6c68 0c63 6c54 0d4c 3257 097d 3339 ->  YSlh.clT.L2W.}39
0060: 3738 3239 3532 3339 7320 3231 6331 3532 ->  78295239s 21c152
0070: 6438 224d 5641 4a4e 4424 3939 4335 4133 ->  d8"MVAJND$99C5A3
0080: 3334 3c3d 3420 775c 4d74 2f4c 2d31 3338 ->  34<=4 w\Mt/L-138
0090: 3734 3838 3937 3875 202b 3165 4759 426a ->  7488978u +1eGYBj
00a0: 502d 3131 3339 3235 3633 3936 3078 4c33 ->  P-11392563960xL3
00b0: 3965 6265 6163 3261 3666 3466 3835 6630 ->  9ebeac2a6f4f85f0
00c0: 784c 6636 3239 6233 6166 3735 6466 3133 ->  xLf629b3af75df13
00d0: 6130 5359 7300                          ->  a0SYs.

Error in test 23: ft_printf("%c@hBPH\%pqa%%9sBq@\fW%s\UL,h{A:_%pHk'%%%s\t/]~%x;%iJ>F", -636240741, (void *)1333638653286800748, "\t]|]]\rTW\n;?cBjJ/Y9|\tBs@`}*B)z~ng*CBcu5IMH\"`Y\n>^4K7~\fB_57n:KW/k_~VKBl/\vqa6M_QQ", (void *)5185202956717477197, "JMC&", 325656176, 303292850): returned: 174, but expected: 172
Error in test 23: ft_printf("%c@hBPH\%pqa%%9sBq@\fW%s\UL,h{A:_%pHk'%%%s\t/]~%x;%iJ>F", -636240741, (void *)1333638653286800748, "\t]|]]\rTW\n;?cBjJ/Y9|\tBs@`}*B)z~ng*CBcu5IMH\"`Y\n>^4K7~\fB_57n:KW/k_~VKBl/\vqa6M_QQ", (void *)5185202956717477197, "JMC&", 325656176, 303292850): different memory
expected:
0000: 9b40 6842 5048 5c30 7831 3238 3230 3934 ->  .@hBPH\0x1282094
0010: 6130 6265 3364 6436 6371 6125 3973 4271 ->  a0be3dd6cqa%9sBq
0020: 400c 5709 5d7c 5d5d 0d54 570a 3b3f 6342 ->  @.W.]|]].TW.;?cB
0030: 6a4a 2f59 397c 0942 7340 607d 2a42 297a ->  jJ/Y9|.Bs@`}*B)z
0040: 7e6e 672a 4342 6375 3549 4d48 2260 590a ->  ~ng*CBcu5IMH"`Y.
0050: 3e5e 344b 377e 0c42 5f35 376e 3a4b 572f ->  >^4K7~.B_57n:KW/
0060: 6b5f 7e56 4b42 6c2f 0b71 6136 4d5f 5151 ->  k_~VKBl/.qa6M_QQ
0070: 5c55 4c2c 687b 413a 5f30 7834 3766 3538 ->  \UL,h{A:_0x47f58
0080: 6139 6465 3337 3334 6434 6448 6b27 254a ->  a9de3734d4dHk'%J
0090: 4d43 2609 2f5d 7e31 3336 3931 6537 303b ->  MC&./]~13691e70;
00a0: 3330 3332 3932 3835 304a 3e46 0011 11   ->  303292850J>F...
yours:
0000: 9b40 6842 5048 5c30 78ef 3132 3832 3039 ->  .@hBPH\0x.128209
0010: 3461 3062 6533 6464 3663 7161 2539 7342 ->  4a0be3dd6cqa%9sB
0020: 7140 0c57 095d 7c5d 5d0d 5457 0a3b 3f63 ->  q@.W.]|]].TW.;?c
0030: 426a 4a2f 5939 7c09 4273 4060 7d2a 4229 ->  BjJ/Y9|.Bs@`}*B)
0040: 7a7e 6e67 2a43 4263 7535 494d 4822 6059 ->  z~ng*CBcu5IMH"`Y
0050: 0a3e 5e34 4b37 7e0c 425f 3537 6e3a 4b57 ->  .>^4K7~.B_57n:KW
0060: 2f6b 5f7e 564b 426c 2f0b 7161 364d 5f51 ->  /k_~VKBl/.qa6M_Q
0070: 515c 554c 2c68 7b41 3a5f 3078 4d34 3766 ->  Q\UL,h{A:_0xM47f
0080: 3538 6139 6465 3337 3334 6434 6448 6b27 ->  58a9de3734d4dHk'
0090: 254a 4d43 2609 2f5d 7e31 3336 3931 6537 ->  %JMC&./]~13691e7
00a0: 303b 3330 3332 3932 3835 304a 3e46 00   ->  0;303292850J>F.

Error in test 24: ft_printf(""M\Ava%p\fgyD}y%X$c@^\rj!%dR\rPefl%s=]2\vUM%%mM %c,|xWsq?%cE=Z%coMq#\%sH6]W`G\t", (void *)4035741648371892421, 1345504995, 466346607, "bwWM\\w($T/\t\t1o$I;u2f.e`*:P3{'N&sHp!c/:_\vB?5_.84E::&f\v\rA+0Iqbhf ,/Lp)*#auZs!=%?lxw 9", 1284871962, 641186983, 209095631, "3U';eC?a@z-mDCY-_$O8L%v!tIi[*>9BV4\f'm3ez$G,[F\fE3*h&+yDAo4+*LooB"): returned: 242, but expected: 241
Error in test 24: ft_printf(""M\Ava%p\fgyD}y%X$c@^\rj!%dR\rPefl%s=]2\vUM%%mM %c,|xWsq?%cE=Z%coMq#\%sH6]W`G\t", (void *)4035741648371892421, 1345504995, 466346607, "bwWM\\w($T/\t\t1o$I;u2f.e`*:P3{'N&sHp!c/:_\vB?5_.84E::&f\v\rA+0Iqbhf ,/Lp)*#auZs!=%?lxw 9", 1284871962, 641186983, 209095631, "3U';eC?a@z-mDCY-_$O8L%v!tIi[*>9BV4\f'm3ez$G,[F\fE3*h&+yDAo4+*LooB"): different memory
expected:
0000: 224d 5c41 7661 3078 3338 3031 6435 6135 ->  "M\Ava0x3801d5a5
0010: 3963 3734 6330 6335 0c67 7944 7d79 3530 ->  9c74c0c5.gyD}y50
0020: 3332 4336 4533 2463 405e 0d6a 2134 3636 ->  32C6E3$c@^.j!466
0030: 3334 3636 3037 520d 5065 666c 6277 574d ->  346607R.PeflbwWM
0040: 5c77 2824 542f 0909 316f 2449 3b75 3266 ->  \w($T/..1o$I;u2f
0050: 2e65 602a 3a50 337b 274e 2673 4870 2163 ->  .e`*:P3{'N&sHp!c
0060: 2f3a 5f0b 423f 355f 2e38 3445 3a3a 2666 ->  /:_.B?5_.84E::&f
0070: 0b0d 412b 3049 7162 6866 202c 2f4c 7029 ->  ..A+0Iqbhf ,/Lp)
0080: 2a23 6175 5a73 213d 253f 6c78 7720 393d ->  *#auZs!=%?lxw 9=
0090: 5d32 0b55 4d25 6d4d 201a 2c7c 7857 7371 ->  ]2.UM%mM .,|xWsq
00a0: 3fa7 453d 5acf 6f4d 7123 5c33 5527 3b65 ->  ?.E=Z.oMq#\3U';e
00b0: 433f 6140 7a2d 6d44 4359 2d5f 244f 384c ->  C?a@z-mDCY-_$O8L
00c0: 2576 2174 4969 5b2a 3e39 4256 340c 276d ->  %v!tIi[*>9BV4.'m
00d0: 3365 7a24 472c 5b46 0c45 332a 6826 2b79 ->  3ez$G,[F.E3*h&+y
00e0: 4441 6f34 2b2a 4c6f 6f42 4836 5d57 6047 ->  DAo4+*LooBH6]W`G
00f0: 0900 11                                 ->  ...
yours:
0000: 224d 5c41 7661 3078 0e33 3830 3164 3561 ->  "M\Ava0x.3801d5a
0010: 3539 6337 3463 3063 350c 6779 447d 7935 ->  59c74c0c5.gyD}y5
0020: 3033 3243 3645 3324 6340 5e0d 6a21 3436 ->  032C6E3$c@^.j!46
0030: 3633 3436 3630 3752 0d50 6566 6c62 7757 ->  6346607R.PeflbwW
0040: 4d5c 7728 2454 2f09 0931 6f24 493b 7532 ->  M\w($T/..1o$I;u2
0050: 662e 6560 2a3a 5033 7b27 4e26 7348 7021 ->  f.e`*:P3{'N&sHp!
0060: 632f 3a5f 0b42 3f35 5f2e 3834 453a 3a26 ->  c/:_.B?5_.84E::&
0070: 660b 0d41 2b30 4971 6268 6620 2c2f 4c70 ->  f..A+0Iqbhf ,/Lp
0080: 292a 2361 755a 7321 3d25 3f6c 7877 2039 ->  )*#auZs!=%?lxw 9
0090: 3d5d 320b 554d 256d 4d20 1a2c 7c78 5773 ->  =]2.UM%mM .,|xWs
00a0: 713f a745 3d5a cf6f 4d71 235c 3355 273b ->  q?.E=Z.oMq#\3U';
00b0: 6543 3f61 407a 2d6d 4443 592d 5f24 4f38 ->  eC?a@z-mDCY-_$O8
00c0: 4c25 7621 7449 695b 2a3e 3942 5634 0c27 ->  L%v!tIi[*>9BV4.'
00d0: 6d33 657a 2447 2c5b 460c 4533 2a68 262b ->  m3ez$G,[F.E3*h&+
00e0: 7944 416f 342b 2a4c 6f6f 4248 365d 5760 ->  yDAo4+*LooBH6]W`
00f0: 4709 00                                 ->  G..

Error in test 26: ft_printf("0o8RM%s%s;ZI%c%dnD8iXVr'%%{<%iqJM{%x!(%i# 4C%pvi*`%uYJ74xC", ";\"(#^v77wHL5!Z;\vk{U5Mzs", "/GMn\t}jB;\t'^z,Q$\r'J74E7WD,cG@AP>e@*Uzz:3~sSEf}(8#\t*kL/R/jlSmz-]98N)f!iUFcR5q", -557768110, 170513474, -716364733, -1785017760, -536333193, (void *)-9217578714930185555, 510071048): returned: 204, but expected: 203
Error in test 26: ft_printf("0o8RM%s%s;ZI%c%dnD8iXVr'%%{<%iqJM{%x!(%i# 4C%pvi*`%uYJ74xC", ";\"(#^v77wHL5!Z;\vk{U5Mzs", "/GMn\t}jB;\t'^z,Q$\r'J74E7WD,cG@AP>e@*Uzz:3~sSEf}(8#\t*kL/R/jlSmz-]98N)f!iUFcR5q", -557768110, 170513474, -716364733, -1785017760, -536333193, (void *)-9217578714930185555, 510071048): different memory
expected:
0000: 306f 3852 4d3b 2228 235e 7637 3777 484c ->  0o8RM;"(#^v77wHL
0010: 3521 5a3b 0b6b 7b55 354d 7a73 2f47 4d6e ->  5!Z;.k{U5Mzs/GMn
0020: 097d 6a42 3b09 275e 7a2c 5124 0d27 4a37 ->  .}jB;.'^z,Q$.'J7
0030: 3445 3757 442c 6347 4041 503e 6540 2a55 ->  4E7WD,cG@AP>e@*U
0040: 7a7a 3a33 7e73 5345 667d 2838 2309 2a6b ->  zz:3~sSEf}(8#.*k
0050: 4c2f 522f 6a6c 536d 7a2d 5d39 384e 2966 ->  L/R/jlSmz-]98N)f
0060: 2169 5546 6352 3571 3b5a 4952 3137 3035 ->  !iUFcR5q;ZIR1705
0070: 3133 3437 346e 4438 6958 5672 2725 7b3c ->  13474nD8iXVr'%{<
0080: 2d37 3136 3336 3437 3333 714a 4d7b 3935 ->  -716364733qJM{95
0090: 3961 6361 3630 2128 2d35 3336 3333 3331 ->  9aca60!(-5363331
00a0: 3933 2320 3443 3078 3830 3134 3934 6665 ->  93# 4C0x801494fe
00b0: 6466 3632 3761 6164 7669 2a60 3531 3030 ->  df627aadvi*`5100
00c0: 3731 3034 3859 4a37 3478 4300 11        ->  71048YJ74xC..
yours:
0000: 306f 3852 4d3b 2228 235e 7637 3777 484c ->  0o8RM;"(#^v77wHL
0010: 3521 5a3b 0b6b 7b55 354d 7a73 2f47 4d6e ->  5!Z;.k{U5Mzs/GMn
0020: 097d 6a42 3b09 275e 7a2c 5124 0d27 4a37 ->  .}jB;.'^z,Q$.'J7
0030: 3445 3757 442c 6347 4041 503e 6540 2a55 ->  4E7WD,cG@AP>e@*U
0040: 7a7a 3a33 7e73 5345 667d 2838 2309 2a6b ->  zz:3~sSEf}(8#.*k
0050: 4c2f 522f 6a6c 536d 7a2d 5d39 384e 2966 ->  L/R/jlSmz-]98N)f
0060: 2169 5546 6352 3571 3b5a 4952 3137 3035 ->  !iUFcR5q;ZIR1705
0070: 3133 3437 346e 4438 6958 5672 2725 7b3c ->  13474nD8iXVr'%{<
0080: 2d37 3136 3336 3437 3333 714a 4d7b 3935 ->  -716364733qJM{95
0090: 3961 6361 3630 2128 2d35 3336 3333 3331 ->  9aca60!(-5363331
00a0: 3933 2320 3443 3078 8938 3031 3439 3466 ->  93# 4C0x.801494f
00b0: 6564 6636 3237 6161 6476 692a 6035 3130 ->  edf627aadvi*`510
00c0: 3037 3130 3438 594a 3734 7843 00        ->  071048YJ74xC.

Error in test 27: ft_printf("GPG,Qj\f"%X]\a%d\veOMT8-fS%pA~'&\t(", -1871346578, -109067387, (void *)5861002471858153285): returned: 63, but expected: 62
Error in test 27: ft_printf("GPG,Qj\f"%X]\a%d\veOMT8-fS%pA~'&\t(", -1871346578, -109067387, (void *)5861002471858153285): different memory
expected:
0000: 4750 472c 516a 0c22 3930 3735 3834 3645 ->  GPG,Qj."9075846E
0010: 5d5c 612d 3130 3930 3637 3338 370b 654f ->  ]\a-109067387.eO
0020: 4d54 382d 6653 3078 3531 3536 3736 6231 ->  MT8-fS0x515676b1
0030: 6661 6361 6137 3435 417e 2726 0928 0011 ->  facaa745A~'&.(..
yours:
0000: 4750 472c 516a 0c22 3930 3735 3834 3645 ->  GPG,Qj."9075846E
0010: 5d5c 612d 3130 3930 3637 3338 370b 654f ->  ]\a-109067387.eO
0020: 4d54 382d 6653 3078 7b35 3135 3637 3662 ->  MT8-fS0x{515676b
0030: 3166 6163 6161 3734 3541 7e27 2609 2800 ->  1facaa745A~'&.(.

Error in test 30: ft_printf("\tq%d#|#%phO1Q+f5"$%c7k", -1876157012, (void *)-885788268116982147, -500804184): returned: 47, but expected: 46
Error in test 30: ft_printf("\tq%d#|#%phO1Q+f5"$%c7k", -1876157012, (void *)-885788268116982147, -500804184): different memory
expected:
0000: 0971 2d31 3837 3631 3537 3031 3223 7c23 ->  .q-1876157012#|#
0010: 3078 6633 6235 3063 3433 3634 6164 6336 ->  0xf3b50c4364adc6
0020: 3764 684f 3151 2b66 3522 24a8 376b 0011 ->  7dhO1Q+f5"$.7k..
yours:
0000: 0971 2d31 3837 3631 3537 3031 3223 7c23 ->  .q-1876157012#|#
0010: 3078 5466 3362 3530 6334 3336 3461 6463 ->  0xTf3b50c4364adc
0020: 3637 6468 4f31 512b 6635 2224 a837 6b00 ->  67dhO1Q+f5"$.7k.

Error in test 33: ft_printf("DnyJiq%s%p}|KA#&Bs#4%x,0 Mkw\f%%"r%X:VYU:%c6H>Mr%cdEc%iX  .<,L;iu%s3^|%iQF ;I@l5", "YI`\t", (void *)-3352869783927048232, 1580173304, -124667952, 1975838813, 1023482136, 45003766, "s-3On$GE%Q", -1740908487): returned: 130, but expected: 129
Error in test 33: ft_printf("DnyJiq%s%p}|KA#&Bs#4%x,0 Mkw\f%%"r%X:VYU:%c6H>Mr%cdEc%iX  .<,L;iu%s3^|%iQF ;I@l5", "YI`\t", (void *)-3352869783927048232, 1580173304, -124667952, 1975838813, 1023482136, 45003766, "s-3On$GE%Q", -1740908487): different memory
expected:
0000: 446e 794a 6971 5949 6009 3078 6431 3738 ->  DnyJiqYI`.0xd178
0010: 3336 6232 3165 6533 3337 6438 7d7c 4b41 ->  36b21ee337d8}|KA
0020: 2326 4273 2334 3565 3266 3837 6638 2c30 ->  #&Bs#45e2f87f8,0
0030: 204d 6b77 0c25 2272 4638 3931 4237 4430 ->   Mkw.%"rF891B7D0
0040: 3a56 5955 3a5d 3648 3e4d 7218 6445 6334 ->  :VYU:]6H>Mr.dEc4
0050: 3530 3033 3736 3658 2020 2e3c 2c4c 3b69 ->  5003766X  .<,L;i
0060: 7573 2d33 4f6e 2447 4525 5133 5e7c 2d31 ->  us-3On$GE%Q3^|-1
0070: 3734 3039 3038 3438 3751 4620 3b49 406c ->  740908487QF ;I@l
0080: 3500 11                                 ->  5..
yours:
0000: 446e 794a 6971 5949 6009 3078 0464 3137 ->  DnyJiqYI`.0x.d17
0010: 3833 3662 3231 6565 3333 3764 387d 7c4b ->  836b21ee337d8}|K
0020: 4123 2642 7323 3435 6532 6638 3766 382c ->  A#&Bs#45e2f87f8,
0030: 3020 4d6b 770c 2522 7246 3839 3142 3744 ->  0 Mkw.%"rF891B7D
0040: 303a 5659 553a 5d36 483e 4d72 1864 4563 ->  0:VYU:]6H>Mr.dEc
0050: 3435 3030 3337 3636 5820 202e 3c2c 4c3b ->  45003766X  .<,L;
0060: 6975 732d 334f 6e24 4745 2551 335e 7c2d ->  ius-3On$GE%Q3^|-
0070: 3137 3430 3930 3834 3837 5146 203b 4940 ->  1740908487QF ;I@
0080: 6c35 00                                 ->  l5.

Error in test 34: ft_printf("Em)aA%x-8%Xzs) X EfU%pr%i{!-%i<\vJ7-ijys|%X<-bQL%%\r%c&c\v*=M(x", -798321042, -1007922498, (void *)6698578131150418611, -1932151137, -1863159427, 783471458, 891040323): returned: 111, but expected: 110
Error in test 34: ft_printf("Em)aA%x-8%Xzs) X EfU%pr%i{!-%i<\vJ7-ijys|%X<-bQL%%\r%c&c\v*=M(x", -798321042, -1007922498, (void *)6698578131150418611, -1932151137, -1863159427, 783471458, 891040323): different memory
expected:
0000: 456d 2961 4164 3036 6139 3636 652d 3843 ->  Em)aAd06a966e-8C
0010: 3345 4335 3242 457a 7329 2058 2045 6655 ->  3EC52BEzs) X EfU
0020: 3078 3563 6636 3231 3531 6437 3662 6232 ->  0x5cf62151d76bb2
0030: 6233 722d 3139 3332 3135 3131 3337 7b21 ->  b3r-1932151137{!
0040: 2d2d 3138 3633 3135 3934 3237 3c0b 4a37 ->  --1863159427<.J7
0050: 2d69 6a79 737c 3245 4232 4433 3632 3c2d ->  -ijys|2EB2D362<-
0060: 6251 4c25 0d43 2663 0b2a 3d4d 2878 0011 ->  bQL%.C&c.*=M(x..
yours:
0000: 456d 2961 4164 3036 6139 3636 652d 3843 ->  Em)aAd06a966e-8C
0010: 3345 4335 3242 457a 7329 2058 2045 6655 ->  3EC52BEzs) X EfU
0020: 3078 0e35 6366 3632 3135 3164 3736 6262 ->  0x.5cf62151d76bb
0030: 3262 3372 2d31 3933 3231 3531 3133 377b ->  2b3r-1932151137{
0040: 212d 2d31 3836 3331 3539 3432 373c 0b4a ->  !--1863159427<.J
0050: 372d 696a 7973 7c32 4542 3244 3336 323c ->  7-ijys|2EB2D362<
0060: 2d62 514c 250d 4326 630b 2a3d 4d28 7800 ->  -bQL%.C&c.*=M(x.

Error in test 36: ft_printf("%x4(41X-.%s*!%p=@j]\t\fOf\vz%%9j%d "LW%ijs\t^x%p%XD9o{t2[sl(%i<)b'iPfmEH%%>\W"tJ.<5L", -1000732868, "8_nE3qT6*p6h2,\\tXWz+,Uw3y.tGXHM\"3d7aopPj=OvlI \t;W=Lki|C", (void *)-6149999218591497702, -1087805036, -1174234358, (void *)9120972064315567183, -1697711226, -556496722): returned: 203, but expected: 201
Error in test 36: ft_printf("%x4(41X-.%s*!%p=@j]\t\fOf\vz%%9j%d "LW%ijs\t^x%p%XD9o{t2[sl(%i<)b'iPfmEH%%>\W"tJ.<5L", -1000732868, "8_nE3qT6*p6h2,\\tXWz+,Uw3y.tGXHM\"3d7aopPj=OvlI \t;W=Lki|C", (void *)-6149999218591497702, -1087805036, -1174234358, (void *)9120972064315567183, -1697711226, -556496722): different memory
expected:
0000: 6334 3561 3037 3363 3428 3431 582d 2e38 ->  c45a073c4(41X-.8
0010: 5f6e 4533 7154 362a 7036 6832 2c5c 7458 ->  _nE3qT6*p6h2,\tX
0020: 577a 2b2c 5577 3379 2e74 4758 484d 2233 ->  Wz+,Uw3y.tGXHM"3
0030: 6437 616f 7050 6a3d 4f76 6c49 2009 3b57 ->  d7aopPj=OvlI .;W
0040: 3d4c 6b69 7c43 2a21 3078 6161 6136 6430 ->  =Lki|C*!0xaaa6d0
0050: 3462 3736 6563 3832 3161 3d40 6a5d 090c ->  4b76ec821a=@j]..
0060: 4f66 0b7a 2539 6a2d 3130 3837 3830 3530 ->  Of.z%9j-10878050
0070: 3336 2022 4c57 2d31 3137 3432 3334 3335 ->  36 "LW-117423435
0080: 386a 7309 5e78 3078 3765 3934 3333 6334 ->  8js.^x0x7e9433c4
0090: 3762 6361 3663 3466 3941 4345 4642 3836 ->  7bca6c4f9ACEFB86
00a0: 4439 6f7b 7432 5b73 6c28 2d35 3536 3439 ->  D9o{t2[sl(-55649
00b0: 3637 3232 3c29 6227 6950 666d 4548 253e ->  6722<)b'iPfmEH%>
00c0: 5c57 2274 4a2e 3c35 4c00 1111           ->  \W"tJ.<5L...
yours:
0000: 6334 3561 3037 3363 3428 3431 582d 2e38 ->  c45a073c4(41X-.8
0010: 5f6e 4533 7154 362a 7036 6832 2c5c 7458 ->  _nE3qT6*p6h2,\tX
0020: 577a 2b2c 5577 3379 2e74 4758 484d 2233 ->  Wz+,Uw3y.tGXHM"3
0030: 6437 616f 7050 6a3d 4f76 6c49 2009 3b57 ->  d7aopPj=OvlI .;W
0040: 3d4c 6b69 7c43 2a21 3078 3761 6161 3664 ->  =Lki|C*!0x7aaa6d
0050: 3034 6237 3665 6338 3231 613d 406a 5d09 ->  04b76ec821a=@j].
0060: 0c4f 660b 7a25 396a 2d31 3038 3738 3035 ->  .Of.z%9j-1087805
0070: 3033 3620 224c 572d 3131 3734 3233 3433 ->  036 "LW-11742343
0080: 3538 6a73 095e 7830 78f6 3765 3934 3333 ->  58js.^x0x.7e9433
0090: 6334 3762 6361 3663 3466 3941 4345 4642 ->  c47bca6c4f9ACEFB
00a0: 3836 4439 6f7b 7432 5b73 6c28 2d35 3536 ->  86D9o{t2[sl(-556
00b0: 3439 3637 3232 3c29 6227 6950 666d 4548 ->  496722<)b'iPfmEH
00c0: 253e 5c57 2274 4a2e 3c35 4c00           ->  %>\W"tJ.<5L.

Error in test 37: ft_printf("0Q%cUCZv%ppEUaauv%cD=y%iT(-&u%%\n4O", -314528834, (void *)-7059792340073807466, -169581812, -50313150): returned: 55, but expected: 54
Error in test 37: ft_printf("0Q%cUCZv%ppEUaauv%cD=y%iT(-&u%%\n4O", -314528834, (void *)-7059792340073807466, -169581812, -50313150): different memory
expected:
0000: 3051 be55 435a 7630 7839 6530 3639 3434 ->  0Q.UCZv0x9e06944
0010: 3536 3565 3038 3139 3670 4555 6161 7576 ->  565e08196pEUaauv
0020: 0c44 3d79 2d35 3033 3133 3135 3054 282d ->  .D=y-50313150T(-
0030: 2675 250a 344f 0011                     ->  &u%.4O..
yours:
0000: 3051 be55 435a 7630 780e 3965 3036 3934 ->  0Q.UCZv0x.9e0694
0010: 3435 3635 6530 3831 3936 7045 5561 6175 ->  4565e08196pEUaau
0020: 760c 443d 792d 3530 3331 3331 3530 5428 ->  v.D=y-50313150T(
0030: 2d26 7525 0a34 4f00                     ->  -&u%.4O.

Error in test 40: ft_printf("uZUx_E\ni@%%[PO LBvk%p=}%d%c(y\t2m%c\r3K", (void *)-2996314642465475996, 1733610612, -1378153440, -1748977369): returned: 59, but expected: 58
Error in test 40: ft_printf("uZUx_E\ni@%%[PO LBvk%p=}%d%c(y\t2m%c\r3K", (void *)-2996314642465475996, 1733610612, -1378153440, -1748977369): different memory
expected:
0000: 755a 5578 5f45 0a69 4025 5b50 4f20 4c42 ->  uZUx_E.i@%[PO LB
0010: 766b 3078 6436 3661 6633 6235 3334 3862 ->  vk0xd66af3b5348b
0020: 3332 3634 3d7d 3137 3333 3631 3036 3132 ->  3264=}1733610612
0030: 2028 7909 326d 270d 334b 0011           ->   (y.2m'.3K..
yours:
0000: 755a 5578 5f45 0a69 4025 5b50 4f20 4c42 ->  uZUx_E.i@%[PO LB
0010: 766b 3078 3664 3636 6166 3362 3533 3438 ->  vk0x6d66af3b5348
0020: 6233 3236 343d 7d31 3733 3336 3130 3631 ->  b3264=}173361061
0030: 3220 2879 0932 6d27 0d33 4b00           ->  2 (y.2m'.3K.

Error in test 42: ft_printf("1VFwj%u!s,%%W^pJkqs-%xUg1^%ug:wX%pi%%3\vOAP>%c[#EKR", -158395274, -1639101013, -1543310052, (void *)5577285457799879439, -396153974): returned: 86, but expected: 85
Error in test 42: ft_printf("1VFwj%u!s,%%W^pJkqs-%xUg1^%ug:wX%pi%%3\vOAP>%c[#EKR", -158395274, -1639101013, -1543310052, (void *)5577285457799879439, -396153974): different memory
expected:
0000: 3156 4677 6a34 3133 3635 3732 3032 3221 ->  1VFwj4136572022!
0010: 732c 2557 5e70 4a6b 7173 2d39 6534 6434 ->  s,%W^pJkqs-9e4d4
0020: 6461 6255 6731 5e32 3735 3136 3537 3234 ->  dabUg1^275165724
0030: 3467 3a77 5830 7834 6436 3637 6639 3266 ->  4g:wX0x4d667f92f
0040: 6231 6431 6230 6669 2533 0b4f 4150 3e8a ->  b1d1b0fi%3.OAP>.
0050: 5b23 454b 5200 11                       ->  [#EKR..
yours:
0000: 3156 4677 6a34 3133 3635 3732 3032 3221 ->  1VFwj4136572022!
0010: 732c 2557 5e70 4a6b 7173 2d39 6534 6434 ->  s,%W^pJkqs-9e4d4
0020: 6461 6255 6731 5e32 3735 3136 3537 3234 ->  dabUg1^275165724
0030: 3467 3a77 5830 780a 3464 3636 3766 3932 ->  4g:wX0x.4d667f92
0040: 6662 3164 3162 3066 6925 330b 4f41 503e ->  fb1d1b0fi%3.OAP>
0050: 8a5b 2345 4b52 00                       ->  .[#EKR.

Error in test 46: ft_printf("hYIu%d)mA>=8J%sz\v%dqsbV%s}#J/xH/mE3%p&Y,&@%s)@%ux'%d", 1395635978, "&mq\"IAY4KZkyt|r 9\vn@1$k)@Ef+dxrzkAC]!^|KPr`AVPJex@)b+", 971358474, "i+k?", (void *)-274720215364465930, "qN2gE+(82c`~;W;<o=MfF <0#FeeaCCpW_2w7_`%W1\rB.QrQJ8\ffhcRj9GbJc&lOQ$(bsN72k\tVEt\v'D'y%\na", 601143857, -1666937471): returned: 236, but expected: 235
Error in test 46: ft_printf("hYIu%d)mA>=8J%sz\v%dqsbV%s}#J/xH/mE3%p&Y,&@%s)@%ux'%d", 1395635978, "&mq\"IAY4KZkyt|r 9\vn@1$k)@Ef+dxrzkAC]!^|KPr`AVPJex@)b+", 971358474, "i+k?", (void *)-274720215364465930, "qN2gE+(82c`~;W;<o=MfF <0#FeeaCCpW_2w7_`%W1\rB.QrQJ8\ffhcRj9GbJc&lOQ$(bsN72k\tVEt\v'D'y%\na", 601143857, -1666937471): different memory
expected:
0000: 6859 4975 3133 3935 3633 3539 3738 296d ->  hYIu1395635978)m
0010: 413e 3d38 4a26 6d71 2249 4159 344b 5a6b ->  A>=8J&mq"IAY4KZk
0020: 7974 7c72 2039 0b6e 4031 246b 2940 4566 ->  yt|r 9.n@1$k)@Ef
0030: 2b64 7872 7a6b 4143 5d21 5e7c 4b50 7260 ->  +dxrzkAC]!^|KPr`
0040: 4156 504a 6578 4029 622b 7a0b 3937 3133 ->  AVPJex@)b+z.9713
0050: 3538 3437 3471 7362 5669 2b6b 3f7d 234a ->  58474qsbVi+k?}#J
0060: 2f78 482f 6d45 3330 7866 6332 6666 6636 ->  /xH/mE30xfc2fff6
0070: 6236 6539 3530 6166 3626 592c 2640 714e ->  b6e950af6&Y,&@qN
0080: 3267 452b 2838 3263 607e 3b57 3b3c 6f3d ->  2gE+(82c`~;W;<o=
0090: 4d66 4620 3c30 2346 6565 6143 4370 575f ->  MfF <0#FeeaCCpW_
00a0: 3277 375f 6025 5731 0d42 2e51 7251 4a38 ->  2w7_`%W1.B.QrQJ8
00b0: 0c66 6863 526a 3947 624a 6326 6c4f 5124 ->  .fhcRj9GbJc&lOQ$
00c0: 2862 734e 3732 6b09 5645 740b 2744 2779 ->  (bsN72k.VEt.'D'y
00d0: 250a 6129 4036 3031 3134 3338 3537 7827 ->  %.a)@601143857x'
00e0: 2d31 3636 3639 3337 3437 3100 11        ->  -1666937471..
yours:
0000: 6859 4975 3133 3935 3633 3539 3738 296d ->  hYIu1395635978)m
0010: 413e 3d38 4a26 6d71 2249 4159 344b 5a6b ->  A>=8J&mq"IAY4KZk
0020: 7974 7c72 2039 0b6e 4031 246b 2940 4566 ->  yt|r 9.n@1$k)@Ef
0030: 2b64 7872 7a6b 4143 5d21 5e7c 4b50 7260 ->  +dxrzkAC]!^|KPr`
0040: 4156 504a 6578 4029 622b 7a0b 3937 3133 ->  AVPJex@)b+z.9713
0050: 3538 3437 3471 7362 5669 2b6b 3f7d 234a ->  58474qsbVi+k?}#J
0060: 2f78 482f 6d45 3330 7804 6663 3266 6666 ->  /xH/mE30x.fc2fff
0070: 3662 3665 3935 3061 6636 2659 2c26 4071 ->  6b6e950af6&Y,&@q
0080: 4e32 6745 2b28 3832 6360 7e3b 573b 3c6f ->  N2gE+(82c`~;W;<o
0090: 3d4d 6646 203c 3023 4665 6561 4343 7057 ->  =MfF <0#FeeaCCpW
00a0: 5f32 7737 5f60 2557 310d 422e 5172 514a ->  _2w7_`%W1.B.QrQJ
00b0: 380c 6668 6352 6a39 4762 4a63 266c 4f51 ->  8.fhcRj9GbJc&lOQ
00c0: 2428 6273 4e37 326b 0956 4574 0b27 4427 ->  $(bsN72k.VEt.'D'
00d0: 7925 0a61 2940 3630 3131 3433 3835 3778 ->  y%.a)@601143857x
00e0: 272d 3136 3636 3933 3734 3731 00        ->  '-1666937471.

Error in test 49: ft_printf("66Ri:>`v%%xLa[i%c4{%iu%utQ5~) jf%cZwSV}_%u>()'/48o\v%pXj%pFO_-hRg;x%d", -659104951, -333897975, -136909481, -1591380993, 19850939, (void *)-9062006559432837027, (void *)1093511337843761007, 1138059455): returned: 128, but expected: 126
Error in test 49: ft_printf("66Ri:>`v%%xLa[i%c4{%iu%utQ5~) jf%cZwSV}_%u>()'/48o\v%pXj%pFO_-hRg;x%d", -659104951, -333897975, -136909481, -1591380993, 19850939, (void *)-9062006559432837027, (void *)1093511337843761007, 1138059455): different memory
expected:
0000: 3636 5269 3a3e 6076 2578 4c61 5b69 4934 ->  66Ri:>`v%xLa[iI4
0010: 7b2d 3333 3338 3937 3937 3575 3431 3538 ->  {-333897975u4158
0020: 3035 3738 3135 7451 357e 2920 6a66 ff5a ->  057815tQ5~) jf.Z
0030: 7753 567d 5f31 3938 3530 3933 393e 2829 ->  wSV}_19850939>()
0040: 272f 3438 6f0b 3078 3832 3364 3439 3062 ->  '/48o.0x823d490b
0050: 6638 6265 6638 3564 586a 3078 6632 6365 ->  f8bef85dXj0xf2ce
0060: 6563 3461 3230 6131 6636 6646 4f5f 2d68 ->  ec4a20a1f6fFO_-h
0070: 5267 3b78 3131 3338 3035 3934 3535 0011 ->  Rg;x1138059455..
yours:
0000: 3636 5269 3a3e 6076 2578 4c61 5b69 4934 ->  66Ri:>`v%xLa[iI4
0010: 7b2d 3333 3338 3937 3937 3575 3431 3538 ->  {-333897975u4158
0020: 3035 3738 3135 7451 357e 2920 6a66 ff5a ->  057815tQ5~) jf.Z
0030: 7753 567d 5f31 3938 3530 3933 393e 2829 ->  wSV}_19850939>()
0040: 272f 3438 6f0b 3078 0838 3233 6434 3930 ->  '/48o.0x.823d490
0050: 6266 3862 6566 3835 6458 6a30 7838 6632 ->  bf8bef85dXj0x8f2
0060: 6365 6563 3461 3230 6131 6636 6646 4f5f ->  ceec4a20a1f6fFO_
0070: 2d68 5267 3b78 3131 3338 3035 3934 3535 ->  -hRg;x1138059455
0080: 00                                      ->  .

Error in test 53: ft_printf("%d}|t,l\r{`^%%]3`0}EC\v'\n%u.}^b*!%cv6]P2nz%sm`%dbK'9qZzR.5%dGaF%pK?\v#Om=In_%x)p\tM", 791399667, -1455932703, 1220797949, "P<6oG^f;]pm`\v\n>V\\", -1966527044, -890067146, (void *)1315745319051868005, -433477043): returned: 147, but expected: 146
Error in test 53: ft_printf("%d}|t,l\r{`^%%]3`0}EC\v'\n%u.}^b*!%cv6]P2nz%sm`%dbK'9qZzR.5%dGaF%pK?\v#Om=In_%x)p\tM", 791399667, -1455932703, 1220797949, "P<6oG^f;]pm`\v\n>V\\", -1966527044, -890067146, (void *)1315745319051868005, -433477043): different memory
expected:
0000: 3739 3133 3939 3636 377d 7c74 2c6c 0d7b ->  791399667}|t,l.{
0010: 605e 255d 3360 307d 4543 0b27 0a32 3833 ->  `^%]3`0}EC.'.283
0020: 3930 3334 3539 332e 7d5e 622a 21fd 7636 ->  9034593.}^b*!.v6
0030: 5d50 326e 7a50 3c36 6f47 5e66 3b5d 706d ->  ]P2nzP<6oG^f;]pm
0040: 600b 0a3e 565c 6d60 2d31 3936 3635 3237 ->  `..>V\m`-1966527
0050: 3034 3462 4b27 3971 5a7a 522e 352d 3839 ->  044bK'9qZzR.5-89
0060: 3030 3637 3134 3647 6146 3078 3132 3432 ->  0067146GaF0x1242
0070: 3737 3635 3834 6638 3337 3635 4b3f 0b23 ->  776584f83765K?.#
0080: 4f6d 3d49 6e5f 6536 3239 6161 3464 2970 ->  Om=In_e629aa4d)p
0090: 094d 0011                               ->  .M..
yours:
0000: 3739 3133 3939 3636 377d 7c74 2c6c 0d7b ->  791399667}|t,l.{
0010: 605e 255d 3360 307d 4543 0b27 0a32 3833 ->  `^%]3`0}EC.'.283
0020: 3930 3334 3539 332e 7d5e 622a 21fd 7636 ->  9034593.}^b*!.v6
0030: 5d50 326e 7a50 3c36 6f47 5e66 3b5d 706d ->  ]P2nzP<6oG^f;]pm
0040: 600b 0a3e 565c 6d60 2d31 3936 3635 3237 ->  `..>V\m`-1966527
0050: 3034 3462 4b27 3971 5a7a 522e 352d 3839 ->  044bK'9qZzR.5-89
0060: 3030 3637 3134 3647 6146 3078 ca31 3234 ->  0067146GaF0x.124
0070: 3237 3736 3538 3466 3833 3736 354b 3f0b ->  2776584f83765K?.
0080: 234f 6d3d 496e 5f65 3632 3961 6134 6429 ->  #Om=In_e629aa4d)
0090: 7009 4d00                               ->  p.M.

Error in test 54: ft_printf("Pe\tk~%s%%/%x&XQV\t}"ul %pvVoj%d*%cl%d%xA1^j\", "C&4rN+UUW27kXj0hP iR07z6c", -1655645056, (void *)3095873734729539351, 2134019482, -285493056, 769981469, -363009731): returned: 108, but expected: 107
Error in test 54: ft_printf("Pe\tk~%s%%/%x&XQV\t}"ul %pvVoj%d*%cl%d%xA1^j\", "C&4rN+UUW27kXj0hP iR07z6c", -1655645056, (void *)3095873734729539351, 2134019482, -285493056, 769981469, -363009731): different memory
expected:
0000: 5065 096b 7e43 2634 724e 2b55 5557 3237 ->  Pe.k~C&4rN+UUW27
0010: 6b58 6a30 6850 2069 5230 377a 3663 252f ->  kXj0hP iR07z6c%/
0020: 3964 3530 6463 3830 2658 5156 097d 2275 ->  9d50dc80&XQV.}"u
0030: 6c20 3078 3261 6636 6330 6332 3534 3034 ->  l 0x2af6c0c25404
0040: 3166 3137 7656 6f6a 3231 3334 3031 3934 ->  1f17vVoj21340194
0050: 3832 2ac0 6c37 3639 3938 3134 3639 6561 ->  82*.l769981469ea
0060: 3563 6539 3364 4131 5e6a 5c00 11        ->  5ce93dA1^j\..
yours:
0000: 5065 096b 7e43 2634 724e 2b55 5557 3237 ->  Pe.k~C&4rN+UUW27
0010: 6b58 6a30 6850 2069 5230 377a 3663 252f ->  kXj0hP iR07z6c%/
0020: 3964 3530 6463 3830 2658 5156 097d 2275 ->  9d50dc80&XQV.}"u
0030: 6c20 3078 1932 6166 3663 3063 3235 3430 ->  l 0x.2af6c0c2540
0040: 3431 6631 3776 566f 6a32 3133 3430 3139 ->  41f17vVoj2134019
0050: 3438 322a c06c 3736 3939 3831 3436 3965 ->  482*.l769981469e
0060: 6135 6365 3933 6441 315e 6a5c 00        ->  a5ce93dA1^j\.

Error in test 55: ft_printf("mKagu`/5M%xf\f5%d `]N%%Sp7vn7@jI>%p%uP\t2Wx.'%uJ.Ru>E,%X=F@lyN\f(", -1988222368, -766079890, (void *)-7942909829410946688, -566400744, -741369470, 1519460030): returned: 114, but expected: 113
Error in test 55: ft_printf("mKagu`/5M%xf\f5%d `]N%%Sp7vn7@jI>%p%uP\t2Wx.'%uJ.Ru>E,%X=F@lyN\f(", -1988222368, -766079890, (void *)-7942909829410946688, -566400744, -741369470, 1519460030): different memory
expected:
0000: 6d4b 6167 7560 2f35 4d38 3937 6532 3236 ->  mKagu`/5M897e226
0010: 3066 0c35 2d37 3636 3037 3938 3930 2060 ->  0f.5-766079890 `
0020: 5d4e 2553 7037 766e 3740 6a49 3e30 7839 ->  ]N%Sp7vn7@jI>0x9
0030: 3163 3531 6439 3765 6630 3038 3138 3033 ->  1c51d97ef0081803
0040: 3732 3835 3636 3535 3250 0932 5778 2e27 ->  728566552P.2Wx.'
0050: 3335 3533 3539 3738 3236 4a2e 5275 3e45 ->  3553597826J.Ru>E
0060: 2c35 4139 3131 4542 453d 4640 6c79 4e0c ->  ,5A911EBE=F@lyN.
0070: 2800 11                                 ->  (..
yours:
0000: 6d4b 6167 7560 2f35 4d38 3937 6532 3236 ->  mKagu`/5M897e226
0010: 3066 0c35 2d37 3636 3037 3938 3930 2060 ->  0f.5-766079890 `
0020: 5d4e 2553 7037 766e 3740 6a49 3e30 7892 ->  ]N%Sp7vn7@jI>0x.
0030: 3931 6335 3164 3937 6566 3030 3831 3830 ->  91c51d97ef008180
0040: 3337 3238 3536 3635 3532 5009 3257 782e ->  3728566552P.2Wx.
0050: 2733 3535 3335 3937 3832 364a 2e52 753e ->  '3553597826J.Ru>
0060: 452c 3541 3931 3145 4245 3d46 406c 794e ->  E,5A911EBE=F@lyN
0070: 0c28 00                                 ->  .(.

Error in test 57: ft_printf("_oc!%pV%izE%%},dX\nilRrA%u", (void *)-1935969868438242925, -1794124719, 1091466923): returned: 58, but expected: 57
Error in test 57: ft_printf("_oc!%pV%izE%%},dX\nilRrA%u", (void *)-1935969868438242925, -1794124719, 1091466923): different memory
expected:
0000: 5f6f 6321 3078 6535 3232 3064 6139 3666 ->  _oc!0xe5220da96f
0010: 6530 6639 3933 562d 3137 3934 3132 3437 ->  e0f993V-17941247
0020: 3139 7a45 257d 2c64 580a 696c 5272 4131 ->  19zE%},dX.ilRrA1
0030: 3039 3134 3636 3932 3300 11             ->  091466923..
yours:
0000: 5f6f 6321 3078 0a65 3532 3230 6461 3936 ->  _oc!0x.e5220da96
0010: 6665 3066 3939 3356 2d31 3739 3431 3234 ->  fe0f993V-1794124
0020: 3731 397a 4525 7d2c 6458 0a69 6c52 7241 ->  719zE%},dX.ilRrA
0030: 3130 3931 3436 3639 3233 00             ->  1091466923.

Error in test 59: ft_printf("4C_BOZ%%N}%Xi?%c_r%c3D%s5)@,x'2&M6%p2\fja", -256376936, -2137956070, -390527743, "\"JZ\n1<\t9p~quxvok]\fQ\rMmrc[PE]N]SKNh\"6utStP|b=\n/6 y12=n=(\t*d}M 6qI^R\n>l$z-O5}zE%STLD(Y", (void *)-944723996810683030): returned: 142, but expected: 141
Error in test 59: ft_printf("4C_BOZ%%N}%Xi?%c_r%c3D%s5)@,x'2&M6%p2\fja", -256376936, -2137956070, -390527743, "\"JZ\n1<\t9p~quxvok]\fQ\rMmrc[PE]N]SKNh\"6utStP|b=\n/6 y12=n=(\t*d}M 6qI^R\n>l$z-O5}zE%STLD(Y", (void *)-944723996810683030): different memory
expected:
0000: 3443 5f42 4f5a 254e 7d46 3042 3746 4639 ->  4C_BOZ%N}F0B7FF9
0010: 3869 3f1a 5f72 0133 4422 4a5a 0a31 3c09 ->  8i?._r.3D"JZ.1<.
0020: 3970 7e71 7578 766f 6b5d 0c51 0d4d 6d72 ->  9p~quxvok].Q.Mmr
0030: 635b 5045 5d4e 5d53 4b4e 6822 3675 7453 ->  c[PE]N]SKNh"6utS
0040: 7450 7c62 3d0a 2f36 2079 3132 3d6e 3d28 ->  tP|b=./6 y12=n=(
0050: 092a 647d 4d20 3671 495e 520a 3e6c 247a ->  .*d}M 6qI^R.>l$z
0060: 2d4f 357d 7a45 2553 544c 4428 5935 2940 ->  -O5}zE%STLD(Y5)@
0070: 2c78 2732 264d 3630 7866 3265 3361 6138 ->  ,x'2&M60xf2e3aa8
0080: 3762 6634 6664 6436 6132 0c6a 6100 11   ->  7bf4fdd6a2.ja..
yours:
0000: 3443 5f42 4f5a 254e 7d46 3042 3746 4639 ->  4C_BOZ%N}F0B7FF9
0010: 3869 3f1a 5f72 0133 4422 4a5a 0a31 3c09 ->  8i?._r.3D"JZ.1<.
0020: 3970 7e71 7578 766f 6b5d 0c51 0d4d 6d72 ->  9p~quxvok].Q.Mmr
0030: 635b 5045 5d4e 5d53 4b4e 6822 3675 7453 ->  c[PE]N]SKNh"6utS
0040: 7450 7c62 3d0a 2f36 2079 3132 3d6e 3d28 ->  tP|b=./6 y12=n=(
0050: 092a 647d 4d20 3671 495e 520a 3e6c 247a ->  .*d}M 6qI^R.>l$z
0060: 2d4f 357d 7a45 2553 544c 4428 5935 2940 ->  -O5}zE%STLD(Y5)@
0070: 2c78 2732 264d 3630 7854 6632 6533 6161 ->  ,x'2&M60xTf2e3aa
0080: 3837 6266 3466 6464 3661 320c 6a61 00   ->  87bf4fdd6a2.ja.

Error in test 60: ft_printf("?g<*8%d )4&%p\vq.#R8X%iL<%s94>XZ%c$71mc4c%%%i\t\?`:X", 1053580450, (void *)5947847009785394420, 308406037, "E;wi?*$", 1507622634, -173752109): returned: 93, but expected: 92
Error in test 60: ft_printf("?g<*8%d )4&%p\vq.#R8X%iL<%s94>XZ%c$71mc4c%%%i\t\?`:X", 1053580450, (void *)5947847009785394420, 308406037, "E;wi?*$", 1507622634, -173752109): different memory
expected:
0000: 3f67 3c2a 3831 3035 3335 3830 3435 3020 ->  ?g<*81053580450 
0010: 2934 2630 7835 3238 6166 6635 3761 3461 ->  )4&0x528aff57a4a
0020: 3062 3466 340b 712e 2352 3858 3330 3834 ->  0b4f4.q.#R8X3084
0030: 3036 3033 374c 3c45 3b77 693f 2a24 3934 ->  06037L<E;wi?*$94
0040: 3e58 5aea 2437 316d 6334 6325 2d31 3733 ->  >XZ.$71mc4c%-173
0050: 3735 3231 3039 095c 3f60 3a58 0011      ->  752109.\?`:X..
yours:
0000: 3f67 3c2a 3831 3035 3335 3830 3435 3020 ->  ?g<*81053580450 
0010: 2934 2630 78a2 3532 3861 6666 3537 6134 ->  )4&0x.528aff57a4
0020: 6130 6234 6634 0b71 2e23 5238 5833 3038 ->  a0b4f4.q.#R8X308
0030: 3430 3630 3337 4c3c 453b 7769 3f2a 2439 ->  406037L<E;wi?*$9
0040: 343e 585a ea24 3731 6d63 3463 252d 3137 ->  4>XZ.$71mc4c%-17
0050: 3337 3532 3130 3909 5c3f 603a 5800      ->  3752109.\?`:X.

Error in test 62: ft_printf("%u4W6}K/Y(%X1:Bv(G%cb`miW,n2x%dw;qTTBot%Xy5%pr>6M\fB@)&N%x", -965327186, -1836562821, -1862683613, 1102258235, 1917753194, (void *)3644893034974445173, -1042732462): returned: 107, but expected: 106
Error in test 62: ft_printf("%u4W6}K/Y(%X1:Bv(G%cb`miW,n2x%dw;qTTBot%Xy5%pr>6M\fB@)&N%x", -965327186, -1836562821, -1862683613, 1102258235, 1917753194, (void *)3644893034974445173, -1042732462): different memory
expected:
0000: 3333 3239 3634 3031 3130 3457 367d 4b2f ->  33296401104W6}K/
0010: 5928 3932 3838 3436 3742 313a 4276 2847 ->  Y(9288467B1:Bv(G
0020: 2362 606d 6957 2c6e 3278 3131 3032 3235 ->  #b`miW,n2x110225
0030: 3832 3335 773b 7154 5442 6f74 3732 3445 ->  8235w;qTTBot724E
0040: 3937 3641 7935 3078 3332 3935 3432 6537 ->  976Ay50x329542e7
0050: 3631 6632 3765 3735 723e 364d 0c42 4029 ->  61f27e75r>6M.B@)
0060: 264e 6331 6439 3261 3532 0011           ->  &Nc1d92a52..
yours:
0000: 3333 3239 3634 3031 3130 3457 367d 4b2f ->  33296401104W6}K/
0010: 5928 3932 3838 3436 3742 313a 4276 2847 ->  Y(9288467B1:Bv(G
0020: 2362 606d 6957 2c6e 3278 3131 3032 3235 ->  #b`miW,n2x110225
0030: 3832 3335 773b 7154 5442 6f74 3732 3445 ->  8235w;qTTBot724E
0040: 3937 3641 7935 3078 3b33 3239 3534 3265 ->  976Ay50x;329542e
0050: 3736 3166 3237 6537 3572 3e36 4d0c 4240 ->  761f27e75r>6M.B@
0060: 2926 4e63 3164 3932 6135 3200           ->  )&Nc1d92a52.

Error in test 63: ft_printf("u#%p6Tao\A8:%x\ %uu)_hW1%x&wssf%s%i\fI7C{", (void *)1231684873182010111, -1438902494, -1663229431, -1527303662, "\frv`BPGm(-NNF-_m#])G\rdo`=?3]YX\\+utyM|.Et!\\hK3(fyyb@z@`>7ZbhBV3\rfMi\tD %^z\r?=cTZn{\f2Gow", 1704626373): returned: 168, but expected: 167
Error in test 63: ft_printf("u#%p6Tao\A8:%x\ %uu)_hW1%x&wssf%s%i\fI7C{", (void *)1231684873182010111, -1438902494, -1663229431, -1527303662, "\frv`BPGm(-NNF-_m#])G\rdo`=?3]YX\\+utyM|.Et!\\hK3(fyyb@z@`>7ZbhBV3\rfMi\tD %^z\r?=cTZn{\f2Gow", 1704626373): different memory
expected:
0000: 7523 3078 3131 3137 6432 6464 6364 3363 ->  u#0x1117d2ddcd3c
0010: 3561 6666 3654 616f 5c41 383a 6161 3363 ->  5aff6Tao\A8:aa3c
0020: 3137 3232 5c20 3236 3331 3733 3738 3635 ->  1722\ 2631737865
0030: 7529 5f68 5731 6134 6637 3332 3132 2677 ->  u)_hW1a4f73212&w
0040: 7373 660c 7276 6042 5047 6d28 2d4e 4e46 ->  ssf.rv`BPGm(-NNF
0050: 2d5f 6d23 5d29 470d 646f 603d 3f33 5d59 ->  -_m#])G.do`=?3]Y
0060: 585c 2b75 7479 4d7c 2e45 7421 5c68 4b33 ->  X\+utyM|.Et!\hK3
0070: 2866 7979 6240 7a40 603e 375a 6268 4256 ->  (fyyb@z@`>7ZbhBV
0080: 330d 664d 6909 4420 255e 7a0d 3f3d 6354 ->  3.fMi.D %^z.?=cT
0090: 5a6e 7b0c 3247 6f77 3137 3034 3632 3633 ->  Zn{.2Gow17046263
00a0: 3733 0c49 3743 7b00 11                  ->  73.I7C{..
yours:
0000: 7523 3078 0e31 3131 3764 3264 6463 6433 ->  u#0x.1117d2ddcd3
0010: 6335 6166 6636 5461 6f5c 4138 3a61 6133 ->  c5aff6Tao\A8:aa3
0020: 6331 3732 325c 2032 3633 3137 3337 3836 ->  c1722\ 263173786
0030: 3575 295f 6857 3161 3466 3733 3231 3226 ->  5u)_hW1a4f73212&
0040: 7773 7366 0c72 7660 4250 476d 282d 4e4e ->  wssf.rv`BPGm(-NN
0050: 462d 5f6d 235d 2947 0d64 6f60 3d3f 335d ->  F-_m#])G.do`=?3]
0060: 5958 5c2b 7574 794d 7c2e 4574 215c 684b ->  YX\+utyM|.Et!\hK
0070: 3328 6679 7962 407a 4060 3e37 5a62 6842 ->  3(fyyb@z@`>7ZbhB
0080: 5633 0d66 4d69 0944 2025 5e7a 0d3f 3d63 ->  V3.fMi.D %^z.?=c
0090: 545a 6e7b 0c32 476f 7731 3730 3436 3236 ->  TZn{.2Gow1704626
00a0: 3337 330c 4937 437b 00                  ->  373.I7C{.

Error in test 64: ft_printf("I<%dk.=u0+I%%_}28\r?%uQ'b=^k%pp%suVa?Bg[\v%s%dxxy2|%i>Z&|U`;\n%i|n\nU9CL%%]O\nz", -1575866977, 1975119643, (void *)6780815796119495018, "o{S3a>XK#;$+}^ub\fa\n67m09MsPS2lfmtDn5\"!9\\P41s\tNY9\n27U\\G-lLl1ubmDd-<[!", "7<c6{7<PI9_/5-W\t|ZFw+lA[kl/no}3[/*~&g!)/o.!~+\nGhY'8/69x\t\t3\\qsf \fzbXG\v%", -1332733477, 480035489, 1785127194): returned: 264, but expected: 263
Error in test 64: ft_printf("I<%dk.=u0+I%%_}28\r?%uQ'b=^k%pp%suVa?Bg[\v%s%dxxy2|%i>Z&|U`;\n%i|n\nU9CL%%]O\nz", -1575866977, 1975119643, (void *)6780815796119495018, "o{S3a>XK#;$+}^ub\fa\n67m09MsPS2lfmtDn5\"!9\\P41s\tNY9\n27U\\G-lLl1ubmDd-<[!", "7<c6{7<PI9_/5-W\t|ZFw+lA[kl/no}3[/*~&g!)/o.!~+\nGhY'8/69x\t\t3\\qsf \fzbXG\v%", -1332733477, 480035489, 1785127194): different memory
expected:
0000: 493c 2d31 3537 3538 3636 3937 376b 2e3d ->  I<-1575866977k.=
0010: 7530 2b49 255f 7d32 380d 3f31 3937 3531 ->  u0+I%_}28.?19751
0020: 3139 3634 3351 2762 3d5e 6b30 7835 6531 ->  19643Q'b=^k0x5e1
0030: 6134 6330 6134 6630 6636 3136 6170 6f7b ->  a4c0a4f0f616apo{
0040: 5333 613e 584b 233b 242b 7d5e 7562 0c61 ->  S3a>XK#;$+}^ub.a
0050: 0a36 376d 3039 4d73 5053 326c 666d 7444 ->  .67m09MsPS2lfmtD
0060: 6e35 2221 395c 5034 3173 094e 5939 0a32 ->  n5"!9\P41s.NY9.2
0070: 3755 5c47 2d6c 4c6c 3175 626d 4464 2d3c ->  7U\G-lLl1ubmDd-<
0080: 5b21 7556 613f 4267 5b0b 373c 6336 7b37 ->  [!uVa?Bg[.7<c6{7
0090: 3c50 4939 5f2f 352d 5709 7c5a 4677 2b6c ->  <PI9_/5-W.|ZFw+l
00a0: 415b 6b6c 2f6e 6f7d 335b 2f2a 7e26 6721 ->  A[kl/no}3[/*~&g!
00b0: 292f 6f2e 217e 2b0a 4768 5927 382f 3639 ->  )/o.!~+.GhY'8/69
00c0: 7809 0933 5c71 7366 200c 7a62 5847 0b25 ->  x..3\qsf .zbXG.%
00d0: 2d31 3333 3237 3333 3437 3778 7879 327c ->  -1332733477xxy2|
00e0: 3438 3030 3335 3438 393e 5a26 7c55 603b ->  480035489>Z&|U`;
00f0: 0a31 3738 3531 3237 3139 347c 6e0a 5539 ->  .1785127194|n.U9
0100: 434c 255d 4f0a 7a00 11                  ->  CL%]O.z..
yours:
0000: 493c 2d31 3537 3538 3636 3937 376b 2e3d ->  I<-1575866977k.=
0010: 7530 2b49 255f 7d32 380d 3f31 3937 3531 ->  u0+I%_}28.?19751
0020: 3139 3634 3351 2762 3d5e 6b30 780a 3565 ->  19643Q'b=^k0x.5e
0030: 3161 3463 3061 3466 3066 3631 3661 706f ->  1a4c0a4f0f616apo
0040: 7b53 3361 3e58 4b23 3b24 2b7d 5e75 620c ->  {S3a>XK#;$+}^ub.
0050: 610a 3637 6d30 394d 7350 5332 6c66 6d74 ->  a.67m09MsPS2lfmt
0060: 446e 3522 2139 5c50 3431 7309 4e59 390a ->  Dn5"!9\P41s.NY9.
0070: 3237 555c 472d 6c4c 6c31 7562 6d44 642d ->  27U\G-lLl1ubmDd-
0080: 3c5b 2175 5661 3f42 675b 0b37 3c63 367b ->  <[!uVa?Bg[.7<c6{
0090: 373c 5049 395f 2f35 2d57 097c 5a46 772b ->  7<PI9_/5-W.|ZFw+
00a0: 6c41 5b6b 6c2f 6e6f 7d33 5b2f 2a7e 2667 ->  lA[kl/no}3[/*~&g
00b0: 2129 2f6f 2e21 7e2b 0a47 6859 2738 2f36 ->  !)/o.!~+.GhY'8/6
00c0: 3978 0909 335c 7173 6620 0c7a 6258 470b ->  9x..3\qsf .zbXG.
00d0: 252d 3133 3332 3733 3334 3737 7878 7932 ->  %-1332733477xxy2
00e0: 7c34 3830 3033 3534 3839 3e5a 267c 5560 ->  |480035489>Z&|U`
00f0: 3b0a 3137 3835 3132 3731 3934 7c6e 0a55 ->  ;.1785127194|n.U
0100: 3943 4c25 5d4f 0a7a 00                  ->  9CL%]O.z.

Error in test 65: ft_printf("++CS1(%X}h%pE%p/%xx6\t", -1857947024, (void *)8182825940939636676, (void *)-1418630525531268302, -1720124037): returned: 67, but expected: 65
Error in test 65: ft_printf("++CS1(%X}h%pE%p/%xx6\t", -1857947024, (void *)8182825940939636676, (void *)-1418630525531268302, -1720124037): different memory
expected:
0000: 2b2b 4353 3128 3931 3431 4641 3730 7d68 ->  ++CS1(9141FA70}h
0010: 3078 3731 3866 3363 6436 6263 3865 6666 ->  0x718f3cd6bc8eff
0020: 6334 4530 7865 6335 3030 3330 6461 3232 ->  c4E0xec50030da22
0030: 6564 6233 322f 3939 3738 6664 3762 7836 ->  edb32/9978fd7bx6
0040: 0900 1111                               ->  ....
yours:
0000: 2b2b 4353 3128 3931 3431 4641 3730 7d68 ->  ++CS1(9141FA70}h
0010: 3078 0e37 3138 6633 6364 3662 6338 6566 ->  0x.718f3cd6bc8ef
0020: 6663 3445 3078 0e65 6335 3030 3330 6461 ->  fc4E0x.ec50030da
0030: 3232 6564 6233 322f 3939 3738 6664 3762 ->  22edb32/9978fd7b
0040: 7836 0900                               ->  x6..

Error in test 69: ft_printf("}%uml0i:%xG'THT%pTM[m\rBqqz6%c;YQbW7&.\t\t%x%d-{o%u2'+ $6{", 211013173, 665693127, (void *)7060052923426169803, -1634031020, -1575898406, -182193516, 1618314122): returned: 106, but expected: 105
Error in test 69: ft_printf("}%uml0i:%xG'THT%pTM[m\rBqqz6%c;YQbW7&.\t\t%x%d-{o%u2'+ $6{", 211013173, 665693127, (void *)7060052923426169803, -1634031020, -1575898406, -182193516, 1618314122): different memory
expected:
0000: 7d32 3131 3031 3331 3733 6d6c 3069 3a32 ->  }211013173ml0i:2
0010: 3761 6461 6263 3747 2754 4854 3078 3631 ->  7adabc7G'THT0x61
0020: 6661 3538 6261 3634 3436 3633 6362 544d ->  fa58ba644663cbTM
0030: 5b6d 0d42 7171 7a36 543b 5951 6257 3726 ->  [m.Bqqz6T;YQbW7&
0040: 2e09 0961 3231 3162 3264 612d 3138 3231 ->  ...a211b2da-1821
0050: 3933 3531 362d 7b6f 3136 3138 3331 3431 ->  93516-{o16183141
0060: 3232 3227 2b20 2436 7b00 11             ->  222'+ $6{..
yours:
0000: 7d32 3131 3031 3331 3733 6d6c 3069 3a32 ->  }211013173ml0i:2
0010: 3761 6461 6263 3747 2754 4854 3078 0936 ->  7adabc7G'THT0x.6
0020: 3166 6135 3862 6136 3434 3636 3363 6254 ->  1fa58ba644663cbT
0030: 4d5b 6d0d 4271 717a 3654 3b59 5162 5737 ->  M[m.Bqqz6T;YQbW7
0040: 262e 0909 6132 3131 6232 6461 2d31 3832 ->  &...a211b2da-182
0050: 3139 3335 3136 2d7b 6f31 3631 3833 3134 ->  193516-{o1618314
0060: 3132 3232 272b 2024 367b 00             ->  1222'+ $6{.

Error in test 71: ft_printf(";_%s_Jyy%xu3X~L\n\n>:[%cOfM,Zw|%%shY,q F%iy5KV`1\nxH%x>[&0_*UG+$%X%p AoIaD]\fsX", "<FtYoG=^bnqLC2W{", -883573964, 2054150301, -2092785067, 271105034, -38442445, (void *)6383277864286561436): returned: 131, but expected: 130
Error in test 71: ft_printf(";_%s_Jyy%xu3X~L\n\n>:[%cOfM,Zw|%%shY,q F%iy5KV`1\nxH%x>[&0_*UG+$%X%p AoIaD]\fsX", "<FtYoG=^bnqLC2W{", -883573964, 2054150301, -2092785067, 271105034, -38442445, (void *)6383277864286561436): different memory
expected:
0000: 3b5f 3c46 7459 6f47 3d5e 626e 714c 4332 ->  ;_<FtYoG=^bnqLC2
0010: 577b 5f4a 7979 6362 3535 6262 3334 7533 ->  W{_Jyycb55bb34u3
0020: 587e 4c0a 0a3e 3a5b 9d4f 664d 2c5a 777c ->  X~L..>:[.OfM,Zw|
0030: 2573 6859 2c71 2046 2d32 3039 3237 3835 ->  %shY,q F-2092785
0040: 3036 3779 354b 5660 310a 7848 3130 3238 ->  067y5KV`1.xH1028
0050: 6263 3061 3e5b 2630 5f2a 5547 2b24 4644 ->  bc0a>[&0_*UG+$FD
0060: 4235 3641 3333 3078 3538 3935 6635 3635 ->  B56A330x5895f565
0070: 6333 3661 3234 3963 2041 6f49 6144 5d0c ->  c36a249c AoIaD].
0080: 7358 0011                               ->  sX..
yours:
0000: 3b5f 3c46 7459 6f47 3d5e 626e 714c 4332 ->  ;_<FtYoG=^bnqLC2
0010: 577b 5f4a 7979 6362 3535 6262 3334 7533 ->  W{_Jyycb55bb34u3
0020: 587e 4c0a 0a3e 3a5b 9d4f 664d 2c5a 777c ->  X~L..>:[.OfM,Zw|
0030: 2573 6859 2c71 2046 2d32 3039 3237 3835 ->  %shY,q F-2092785
0040: 3036 3779 354b 5660 310a 7848 3130 3238 ->  067y5KV`1.xH1028
0050: 6263 3061 3e5b 2630 5f2a 5547 2b24 4644 ->  bc0a>[&0_*UG+$FD
0060: 4235 3641 3333 3078 ab35 3839 3566 3536 ->  B56A330x.5895f56
0070: 3563 3336 6132 3439 6320 416f 4961 445d ->  5c36a249c AoIaD]
0080: 0c73 5800                               ->  .sX.

Error in test 72: ft_printf("Y/\n%suL~V@?7h%%>32%p#UB,V2+0L!%%(A%pJ5^~zPueB%pag=))%Xn*9@1<${Iu%x*6x\tQA%c KW\r ]\r%%RC", "@bnEQ]r$eJFhoYpi\"X|Hj4(bK?)p&Bgj5)$){N8HAQD<XZo/\t!\n\t$h", (void *)6210828712041573072, (void *)-4951394727324394204, (void *)-2034240070310835734, 460446385, -821713138, 1964404655): returned: 196, but expected: 193
Error in test 72: ft_printf("Y/\n%suL~V@?7h%%>32%p#UB,V2+0L!%%(A%pJ5^~zPueB%pag=))%Xn*9@1<${Iu%x*6x\tQA%c KW\r ]\r%%RC", "@bnEQ]r$eJFhoYpi\"X|Hj4(bK?)p&Bgj5)$){N8HAQD<XZo/\t!\n\t$h", (void *)6210828712041573072, (void *)-4951394727324394204, (void *)-2034240070310835734, 460446385, -821713138, 1964404655): different memory
expected:
0000: 592f 0a40 626e 4551 5d72 2465 4a46 686f ->  Y/.@bnEQ]r$eJFho
0010: 5970 6922 587c 486a 3428 624b 3f29 7026 ->  Ypi"X|Hj4(bK?)p&
0020: 4267 6a35 2924 297b 4e38 4841 5144 3c58 ->  Bgj5)$){N8HAQD<X
0030: 5a6f 2f09 210a 0924 6875 4c7e 5640 3f37 ->  Zo/.!..$huL~V@?7
0040: 6825 3e33 3230 7835 3633 3134 6263 6561 ->  h%>320x56314bcea
0050: 3630 3865 6164 3023 5542 2c56 322b 304c ->  608ead0#UB,V2+0L
0060: 2125 2841 3078 6262 3439 3163 6261 6137 ->  !%(A0xbb491cbaa7
0070: 3136 3564 3234 4a35 5e7e 7a50 7565 4230 ->  165d24J5^~zPueB0
0080: 7865 3363 3465 6436 6631 3534 3163 3965 ->  xe3c4ed6f1541c9e
0090: 6161 673d 2929 3142 3731 4441 4231 6e2a ->  aag=))1B71DAB1n*
00a0: 3940 313c 247b 4975 6366 3035 6137 3065 ->  9@1<${Iucf05a70e
00b0: 2a36 7809 5141 af20 4b57 0d20 5d0d 2552 ->  *6x.QA. KW. ].%R
00c0: 4300 1111 11                            ->  C....
yours:
0000: 592f 0a40 626e 4551 5d72 2465 4a46 686f ->  Y/.@bnEQ]r$eJFho
0010: 5970 6922 587c 486a 3428 624b 3f29 7026 ->  Ypi"X|Hj4(bK?)p&
0020: 4267 6a35 2924 297b 4e38 4841 5144 3c58 ->  Bgj5)$){N8HAQD<X
0030: 5a6f 2f09 210a 0924 6875 4c7e 5640 3f37 ->  Zo/.!..$huL~V@?7
0040: 6825 3e33 3230 7836 3536 3331 3462 6365 ->  h%>320x656314bce
0050: 6136 3038 6561 6430 2355 422c 5632 2b30 ->  a608ead0#UB,V2+0
0060: 4c21 2528 4130 7836 6262 3439 3163 6261 ->  L!%(A0x6bb491cba
0070: 6137 3136 3564 3234 4a35 5e7e 7a50 7565 ->  a7165d24J5^~zPue
0080: 4230 7836 6533 6334 6564 3666 3135 3431 ->  B0x6e3c4ed6f1541
0090: 6339 6561 6167 3d29 2931 4237 3144 4142 ->  c9eaag=))1B71DAB
00a0: 316e 2a39 4031 3c24 7b49 7563 6630 3561 ->  1n*9@1<${Iucf05a
00b0: 3730 652a 3678 0951 41af 204b 570d 205d ->  70e*6x.QA. KW. ]
00c0: 0d25 5243 00                            ->  .%RC.

Error in test 73: ft_printf("b.F%p3+8q%X'N{|mb']S%c|.f(7-m%psWx\t#B`%pf+_%u\n<o(so1GT%s(&=)51p2%d0GmrlGy'gw%s-B%i(~kC[&5M4", (void *)4448542186094353373, -1208983653, 876893235, (void *)6264521254028613219, (void *)1400224893294186597, 1407185416, "\rX^Eb8Unl|E6 h>+`7\r:4.q&Z~m\f{F0oY(F\"TtMib\f6", -1295557778, "Pqh\r|~vf.f%/sf M=a1u=Lb]\\qxZ*&\nb]MHMK+lO{+tWY/X", -231699797): returned: 258, but expected: 255
Error in test 73: ft_printf("b.F%p3+8q%X'N{|mb']S%c|.f(7-m%psWx\t#B`%pf+_%u\n<o(so1GT%s(&=)51p2%d0GmrlGy'gw%s-B%i(~kC[&5M4", (void *)4448542186094353373, -1208983653, 876893235, (void *)6264521254028613219, (void *)1400224893294186597, 1407185416, "\rX^Eb8Unl|E6 h>+`7\r:4.q&Z~m\f{F0oY(F\"TtMib\f6", -1295557778, "Pqh\r|~vf.f%/sf M=a1u=Lb]\\qxZ*&\nb]MHMK+lO{+tWY/X", -231699797): different memory
expected:
0000: 622e 4630 7833 6462 6336 3538 6338 3237 ->  b.F0x3dbc658c827
0010: 6535 6264 6433 2b38 7142 3746 3035 4639 ->  e5bdd3+8qB7F05F9
0020: 4227 4e7b 7c6d 6227 5d53 337c 2e66 2837 ->  B'N{|mb']S3|.f(7
0030: 2d6d 3078 3536 6630 3063 6533 6332 3432 ->  -m0x56f00ce3c242
0040: 3936 3633 7357 7809 2342 6030 7831 3336 ->  9663sWx.#B`0x136
0050: 6539 3931 6632 6137 3539 3036 3566 2b5f ->  e991f2a759065f+_
0060: 3134 3037 3138 3534 3136 0a3c 6f28 736f ->  1407185416.<o(so
0070: 3147 540d 585e 4562 3855 6e6c 7c45 3620 ->  1GT.X^Eb8Unl|E6 
0080: 683e 2b60 370d 3a34 2e71 265a 7e6d 0c7b ->  h>+`7.:4.q&Z~m.{
0090: 4630 6f59 2846 2254 744d 6962 0c36 2826 ->  F0oY(F"TtMib.6(&
00a0: 3d29 3531 7032 2d31 3239 3535 3537 3737 ->  =)51p2-129555777
00b0: 3830 476d 726c 4779 2767 7750 7168 0d7c ->  80GmrlGy'gwPqh.|
00c0: 7e76 662e 6625 2f73 6620 4d3d 6131 753d ->  ~vf.f%/sf M=a1u=
00d0: 4c62 5d5c 7178 5a2a 260a 625d 4d48 4d4b ->  Lb]\qxZ*&.b]MHMK
00e0: 2b6c 4f7b 2b74 5759 2f58 2d42 2d32 3331 ->  +lO{+tWY/X-B-231
00f0: 3639 3937 3937 287e 6b43 5b26 354d 3400 ->  699797(~kC[&5M4.
yours:
0000: 622e 4630 780e 3364 6263 3635 3863 3832 ->  b.F0x.3dbc658c82
0010: 3765 3562 6464 332b 3871 4237 4630 3546 ->  7e5bdd3+8qB7F05F
0020: 3942 274e 7b7c 6d62 275d 5333 7c2e 6628 ->  9B'N{|mb']S3|.f(
0030: 372d 6d30 780e 3536 6630 3063 6533 6332 ->  7-m0x.56f00ce3c2
0040: 3432 3936 3633 7357 7809 2342 6030 780e ->  429663sWx.#B`0x.
0050: 3133 3665 3939 3166 3261 3735 3930 3635 ->  136e991f2a759065
0060: 662b 5f31 3430 3731 3835 3431 360a 3c6f ->  f+_1407185416.<o
0070: 2873 6f31 4754 0d58 5e45 6238 556e 6c7c ->  (so1GT.X^Eb8Unl|
0080: 4536 2068 3e2b 6037 0d3a 342e 7126 5a7e ->  E6 h>+`7.:4.q&Z~
0090: 6d0c 7b46 306f 5928 4622 5474 4d69 620c ->  m.{F0oY(F"TtMib.
00a0: 3628 263d 2935 3170 322d 3132 3935 3535 ->  6(&=)51p2-129555
00b0: 3737 3738 3047 6d72 6c47 7927 6777 5071 ->  77780GmrlGy'gwPq
00c0: 680d 7c7e 7666 2e66 252f 7366 204d 3d61 ->  h.|~vf.f%/sf M=a
00d0: 3175 3d4c 625d 5c71 785a 2a26 0a62 5d4d ->  1u=Lb]\qxZ*&.b]M
00e0: 484d 4b2b 6c4f 7b2b 7457 592f 582d 422d ->  HMK+lO{+tWY/X-B-
00f0: 3233 3136 3939 3739 3728 7e6b 435b 2635 ->  231699797(~kC[&5
0100: 4d34 00                                 ->  M4.

Error in test 76: ft_printf("v0K9CE2|%p+:pD%c%c ?-", (void *)-8855061073847409473, 613859245, -538848696): returned: 36, but expected: 35
Error in test 76: ft_printf("v0K9CE2|%p+:pD%c%c ?-", (void *)-8855061073847409473, 613859245, -538848696): different memory
expected:
0000: 7630 4b39 4345 327c 3078 3835 3163 3830 ->  v0K9CE2|0x851c80
0010: 6465 3934 6566 6134 6266 2b3a 7044 ad48 ->  de94efa4bf+:pD.H
0020: 203f 2d00 11                            ->   ?-..
yours:
0000: 7630 4b39 4345 327c 3078 3b38 3531 6338 ->  v0K9CE2|0x;851c8
0010: 3064 6539 3465 6661 3462 662b 3a70 44ad ->  0de94efa4bf+:pD.
0020: 4820 3f2d 00                            ->  H ?-.

Error in test 77: ft_printf("/cyg# \fC%%)dm9%sG%i%u9<%ds_vkpl}%i%pwd8;`"1", "D:Dxk)`\nw&\n,tuT\fI7C<MKs]vzyS 5[gM[9\\EOrBZ^IhR}wV", 1770660266, 1609002741, 2147471912, -970732560, (void *)-544153216605127205): returned: 137, but expected: 136
Error in test 77: ft_printf("/cyg# \fC%%)dm9%sG%i%u9<%ds_vkpl}%i%pwd8;`"1", "D:Dxk)`\nw&\n,tuT\fI7C<MKs]vzyS 5[gM[9\\EOrBZ^IhR}wV", 1770660266, 1609002741, 2147471912, -970732560, (void *)-544153216605127205): different memory
expected:
0000: 2f63 7967 2320 0c43 2529 646d 3944 3a44 ->  /cyg# .C%)dm9D:D
0010: 786b 2960 0a77 260a 2c74 7554 0c49 3743 ->  xk)`.w&.,tuT.I7C
0020: 3c4d 4b73 5d76 7a79 5320 355b 674d 5b39 ->  <MKs]vzyS 5[gM[9
0030: 5c45 4f72 425a 5e49 6852 7d77 5647 3137 ->  \EOrBZ^IhR}wVG17
0040: 3730 3636 3032 3636 3136 3039 3030 3237 ->  7066026616090027
0050: 3431 393c 3231 3437 3437 3139 3132 735f ->  419<2147471912s_
0060: 766b 706c 7d2d 3937 3037 3332 3536 3030 ->  vkpl}-9707325600
0070: 7866 3837 3263 3738 3835 3464 6437 6464 ->  xf872c78854dd7dd
0080: 6277 6438 3b60 2231 0011                ->  bwd8;`"1..
yours:
0000: 2f63 7967 2320 0c43 2529 646d 3944 3a44 ->  /cyg# .C%)dm9D:D
0010: 786b 2960 0a77 260a 2c74 7554 0c49 3743 ->  xk)`.w&.,tuT.I7C
0020: 3c4d 4b73 5d76 7a79 5320 355b 674d 5b39 ->  <MKs]vzyS 5[gM[9
0030: 5c45 4f72 425a 5e49 6852 7d77 5647 3137 ->  \EOrBZ^IhR}wVG17
0040: 3730 3636 3032 3636 3136 3039 3030 3237 ->  7066026616090027
0050: 3431 393c 3231 3437 3437 3139 3132 735f ->  419<2147471912s_
0060: 766b 706c 7d2d 3937 3037 3332 3536 3030 ->  vkpl}-9707325600
0070: 7810 6638 3732 6337 3838 3534 6464 3764 ->  x.f872c78854dd7d
0080: 6462 7764 383b 6022 3100                ->  dbwd8;`"1.

Error in test 80: ft_printf("Oi!%x >HnxYKlR%pK[L%d|EoW%xD%sK,0r~ d)/%XImtyJ|r:%sV%iEz%pnArPiqknzO", -1061304673, (void *)-6267657547301996851, 69783047, -2006529269, " ?x{\td\v5XIO \t|\n}'%\"wBz)L[3l%kc*$b~`Sfr", 405263954, "F!mytB\v(in0S~[i5;hlU{Lf'GH+S\"3H%\ne}Ez_sFl'+HV<Yq<SYq\fNNllC!vKGy \\}f\t -S)RHl+^9r", 1359237500, (void *)-2542709276751845828): returned: 247, but expected: 245
Error in test 80: ft_printf("Oi!%x >HnxYKlR%pK[L%d|EoW%xD%sK,0r~ d)/%XImtyJ|r:%sV%iEz%pnArPiqknzO", -1061304673, (void *)-6267657547301996851, 69783047, -2006529269, " ?x{\td\v5XIO \t|\n}'%\"wBz)L[3l%kc*$b~`Sfr", 405263954, "F!mytB\v(in0S~[i5;hlU{Lf'GH+S\"3H%\ne}Ez_sFl'+HV<Yq<SYq\fNNllC!vKGy \\}f\t -S)RHl+^9r", 1359237500, (void *)-2542709276751845828): different memory
expected:
0000: 4f69 2163 3062 6463 3639 6620 3e48 6e78 ->  Oi!c0bdc69f >Hnx
0010: 594b 6c52 3078 6139 3034 6365 6162 3066 ->  YKlR0xa904ceab0f
0020: 3434 6236 6364 4b5b 4c36 3937 3833 3034 ->  44b6cdK[L6978304
0030: 377c 456f 5738 3836 3663 6230 6244 203f ->  7|EoW8866cb0bD ?
0040: 787b 0964 0b35 5849 4f20 097c 0a7d 2725 ->  x{.d.5XIO .|.}'%
0050: 2277 427a 294c 5b33 6c25 6b63 2a24 627e ->  "wBz)L[3l%kc*$b~
0060: 6053 6672 4b2c 3072 7e20 6429 2f31 3832 ->  `SfrK,0r~ d)/182
0070: 3744 3635 3249 6d74 794a 7c72 3a46 216d ->  7D652ImtyJ|r:F!m
0080: 7974 420b 2869 6e30 537e 5b69 353b 686c ->  ytB.(in0S~[i5;hl
0090: 557b 4c66 2747 482b 5322 3348 250a 657d ->  U{Lf'GH+S"3H%.e}
00a0: 457a 5f73 466c 272b 4856 3c59 713c 5359 ->  Ez_sFl'+HV<Yq<SY
00b0: 710c 4e4e 6c6c 4321 764b 4779 205c 7d66 ->  q.NNllC!vKGy \}f
00c0: 0920 2d53 2952 486c 2b5e 3972 5631 3335 ->  . -S)RHl+^9rV135
00d0: 3932 3337 3530 3045 7a30 7864 6362 3637 ->  9237500Ez0xdcb67
00e0: 6236 3237 3831 6461 3633 636e 4172 5069 ->  b62781da63cnArPi
00f0: 716b 6e7a 4f00 1111                     ->  qknzO...
yours:
0000: 4f69 2163 3062 6463 3639 6620 3e48 6e78 ->  Oi!c0bdc69f >Hnx
0010: 594b 6c52 3078 0a61 3930 3463 6561 6230 ->  YKlR0x.a904ceab0
0020: 6634 3462 3663 644b 5b4c 3639 3738 3330 ->  f44b6cdK[L697830
0030: 3437 7c45 6f57 3838 3636 6362 3062 4420 ->  47|EoW8866cb0bD 
0040: 3f78 7b09 640b 3558 494f 2009 7c0a 7d27 ->  ?x{.d.5XIO .|.}'
0050: 2522 7742 7a29 4c5b 336c 256b 632a 2462 ->  %"wBz)L[3l%kc*$b
0060: 7e60 5366 724b 2c30 727e 2064 292f 3138 ->  ~`SfrK,0r~ d)/18
0070: 3237 4436 3532 496d 7479 4a7c 723a 4621 ->  27D652ImtyJ|r:F!
0080: 6d79 7442 0b28 696e 3053 7e5b 6935 3b68 ->  mytB.(in0S~[i5;h
0090: 6c55 7b4c 6627 4748 2b53 2233 4825 0a65 ->  lU{Lf'GH+S"3H%.e
00a0: 7d45 7a5f 7346 6c27 2b48 563c 5971 3c53 ->  }Ez_sFl'+HV<Yq<S
00b0: 5971 0c4e 4e6c 6c43 2176 4b47 7920 5c7d ->  Yq.NNllC!vKGy \}
00c0: 6609 202d 5329 5248 6c2b 5e39 7256 3133 ->  f. -S)RHl+^9rV13
00d0: 3539 3233 3735 3030 457a 3078 7c64 6362 ->  59237500Ez0x|dcb
00e0: 3637 6236 3237 3831 6461 3633 636e 4172 ->  67b62781da63cnAr
00f0: 5069 716b 6e7a 4f00                     ->  PiqknzO.

Error in test 81: ft_printf("h{tZH?<"BV%Xn[[%%B/5^W%pg%x,\f=%x1f;G O$r%x N{:k ", 1683490423, (void *)-5058059154202077315, -2118615727, 209657140, -432274317): returned: 87, but expected: 86
Error in test 81: ft_printf("h{tZH?<"BV%Xn[[%%B/5^W%pg%x,\f=%x1f;G O$r%x N{:k ", 1683490423, (void *)-5058059154202077315, -2118615727, 209657140, -432274317): different memory
expected:
0000: 687b 745a 483f 3c22 4256 3634 3538 3036 ->  h{tZH?<"BV645806
0010: 3737 6e5b 5b25 422f 355e 5730 7862 3963 ->  77n[[%B/5^W0xb9c
0020: 6532 3966 6637 6364 6635 3737 6467 3831 ->  e29ff7cdf577dg81
0030: 6238 3764 3531 2c0c 3d63 3766 3164 3334 ->  b87d51,.=c7f1d34
0040: 3166 3b47 204f 2472 6536 3363 3034 3733 ->  1f;G O$re63c0473
0050: 204e 7b3a 6b20 0011                     ->   N{:k ..
yours:
0000: 687b 745a 483f 3c22 4256 3634 3538 3036 ->  h{tZH?<"BV645806
0010: 3737 6e5b 5b25 422f 355e 5730 780e 6239 ->  77n[[%B/5^W0x.b9
0020: 6365 3239 6666 3763 6466 3537 3764 6738 ->  ce29ff7cdf577dg8
0030: 3162 3837 6435 312c 0c3d 6337 6631 6433 ->  1b87d51,.=c7f1d3
0040: 3431 663b 4720 4f24 7265 3633 6330 3437 ->  41f;G O$re63c047
0050: 3320 4e7b 3a6b 2000                     ->  3 N{:k .

Error in test 83: ft_printf("aq%d>u\v5kz$biy%%#v.@^*T8%cq IF%p6%%%XL4?0%XUVDq", -1383719290, 1974784581, (void *)8880882905468860354, -80949875, -279186431): returned: 82, but expected: 81
Error in test 83: ft_printf("aq%d>u\v5kz$biy%%#v.@^*T8%cq IF%p6%%%XL4?0%XUVDq", -1383719290, 1974784581, (void *)8880882905468860354, -80949875, -279186431): different memory
expected:
0000: 6171 2d31 3338 3337 3139 3239 303e 750b ->  aq-1383719290>u.
0010: 356b 7a24 6269 7925 2376 2e40 5e2a 5438 ->  5kz$biy%#v.@^*T8
0020: 4571 2049 4630 7837 6233 6633 6266 3331 ->  Eq IF0x7b3f3bf31
0030: 3834 6637 3763 3236 2546 4232 4343 4438 ->  84f77c26%FB2CCD8
0040: 444c 343f 3045 4635 4246 3430 3155 5644 ->  DL4?0EF5BF401UVD
0050: 7100 11                                 ->  q..
yours:
0000: 6171 2d31 3338 3337 3139 3239 303e 750b ->  aq-1383719290>u.
0010: 356b 7a24 6269 7925 2376 2e40 5e2a 5438 ->  5kz$biy%#v.@^*T8
0020: 4571 2049 4630 787a 3762 3366 3362 6633 ->  Eq IF0xz7b3f3bf3
0030: 3138 3466 3737 6332 3625 4642 3243 4344 ->  184f77c26%FB2CCD
0040: 3844 4c34 3f30 4546 3542 4634 3031 5556 ->  8DL4?0EF5BF401UV
0050: 4471 00                                 ->  Dq.

Error in test 86: ft_printf("2BD%psT{\v?K8%d9\n'j\f%spEyVf[+A%X#me4o%ia7J;zPC%%#2%p'tjgPjZ'%X=8]Z%u", (void *)-1600042471764249397, -115058874, "P>\f0^F@i\\=}.=\n`,`05fR)u", 1794557320, 59870342, (void *)166179862121381279, 2096145315, 1222217883): returned: 154, but expected: 152
Error in test 86: ft_printf("2BD%psT{\v?K8%d9\n'j\f%spEyVf[+A%X#me4o%ia7J;zPC%%#2%p'tjgPjZ'%X=8]Z%u", (void *)-1600042471764249397, -115058874, "P>\f0^F@i\\=}.=\n`,`05fR)u", 1794557320, 59870342, (void *)166179862121381279, 2096145315, 1222217883): different memory
expected:
0000: 3242 4430 7865 3963 6238 3164 3936 6366 ->  2BD0xe9cb81d96cf
0010: 3433 3463 6273 547b 0b3f 4b38 2d31 3135 ->  434cbsT{.?K8-115
0020: 3035 3838 3734 390a 276a 0c50 3e0c 305e ->  0588749.'j.P>.0^
0030: 4640 695c 3d7d 2e3d 0a60 2c60 3035 6652 ->  F@i\=}.=.`,`05fR
0040: 2975 7045 7956 665b 2b41 3641 4636 4335 ->  )upEyVf[+A6AF6C5
0050: 3838 236d 6534 6f35 3938 3730 3334 3261 ->  88#me4o59870342a
0060: 374a 3b7a 5043 2523 3230 7832 3465 3633 ->  7J;zPC%#20x24e63
0070: 6234 3432 3931 3764 3966 2774 6a67 506a ->  b442917d9f'tjgPj
0080: 5a27 3743 4630 4133 4133 3d38 5d5a 3132 ->  Z'7CF0A3A3=8]Z12
0090: 3232 3231 3738 3833 0011 11             ->  22217883...
yours:
0000: 3242 4430 78bd 6539 6362 3831 6439 3663 ->  2BD0x.e9cb81d96c
0010: 6634 3334 6362 7354 7b0b 3f4b 382d 3131 ->  f434cbsT{.?K8-11
0020: 3530 3538 3837 3439 0a27 6a0c 503e 0c30 ->  50588749.'j.P>.0
0030: 5e46 4069 5c3d 7d2e 3d0a 602c 6030 3566 ->  ^F@i\=}.=.`,`05f
0040: 5229 7570 4579 5666 5b2b 4136 4146 3643 ->  R)upEyVf[+A6AF6C
0050: 3538 3823 6d65 346f 3539 3837 3033 3432 ->  588#me4o59870342
0060: 6137 4a3b 7a50 4325 2332 3078 0032 3465 ->  a7J;zPC%#20x.24e
0070: 3633 6234 3432 3931 3764 3966 2774 6a67 ->  63b442917d9f'tjg
0080: 506a 5a27 3743 4630 4133 4133 3d38 5d5a ->  PjZ'7CF0A3A3=8]Z
0090: 3132 3232 3231 3738 3833 00             ->  1222217883.

Error in test 88: ft_printf("~G_i\rDDT%p:UE{%pk6BvDO8~%%vZ_\n%u'm%i", (void *)-1613329910513555096, (void *)-4785404935227498607, -1935685004, -1427405968): returned: 86, but expected: 84
Error in test 88: ft_printf("~G_i\rDDT%p:UE{%pk6BvDO8~%%vZ_\n%u'm%i", (void *)-1613329910513555096, (void *)-4785404935227498607, -1935685004, -1427405968): different memory
expected:
0000: 7e47 5f69 0d44 4454 3078 6539 3963 3463 ->  ~G_i.DDT0xe99c4c
0010: 6665 3832 3533 6139 3638 3a55 457b 3078 ->  fe8253a968:UE{0x
0020: 6264 3936 6433 3930 6339 3564 3166 3931 ->  bd96d390c95d1f91
0030: 6b36 4276 444f 387e 2576 5a5f 0a32 3335 ->  k6BvDO8~%vZ_.235
0040: 3932 3832 3239 3227 6d2d 3134 3237 3430 ->  9282292'm-142740
0050: 3539 3638 0011 11                       ->  5968...
yours:
0000: 7e47 5f69 0d44 4454 3078 4e65 3939 6334 ->  ~G_i.DDT0xNe99c4
0010: 6366 6538 3235 3361 3936 383a 5545 7b30 ->  cfe8253a968:UE{0
0020: 784e 6264 3936 6433 3930 6339 3564 3166 ->  xNbd96d390c95d1f
0030: 3931 6b36 4276 444f 387e 2576 5a5f 0a32 ->  91k6BvDO8~%vZ_.2
0040: 3335 3932 3832 3239 3227 6d2d 3134 3237 ->  359282292'm-1427
0050: 3430 3539 3638 00                       ->  405968.

Error in test 90: ft_printf("UY6iH@\vEi%%KFx=/l,\nu%u&^M F`^KKn%i_?H8Qv\tB%pdt4%c\%X5R\f|)%X1tBw %Xea>rZk%c", -1801433390, 149080811, (void *)-8335905730967461606, 1703814499, -79209131, -971602652, -932873692, -1048980121): returned: 121, but expected: 120
Error in test 90: ft_printf("UY6iH@\vEi%%KFx=/l,\nu%u&^M F`^KKn%i_?H8Qv\tB%pdt4%c\%X5R\f|)%X1tBw %Xea>rZk%c", -1801433390, 149080811, (void *)-8335905730967461606, 1703814499, -79209131, -971602652, -932873692, -1048980121): different memory
expected:
0000: 5559 3669 4840 0b45 6925 4b46 783d 2f6c ->  UY6iH@.Ei%KFx=/l
0010: 2c0a 7532 3439 3335 3333 3930 3626 5e4d ->  ,.u2493533906&^M
0020: 2046 605e 4b4b 6e31 3439 3038 3038 3131 ->   F`^KKn149080811
0030: 5f3f 4838 5176 0942 3078 3863 3530 6539 ->  _?H8Qv.B0x8c50e9
0040: 6537 3338 3861 6131 3161 6474 3463 5c46 ->  e7388aa11adt4c\F
0050: 4234 3735 4435 3535 520c 7c29 4336 3136 ->  B475D555R.|)C616
0060: 3835 3234 3174 4277 2043 3836 3537 4132 ->  85241tBw C8657A2
0070: 3465 613e 725a 6b67 0011                ->  4ea>rZkg..
yours:
0000: 5559 3669 4840 0b45 6925 4b46 783d 2f6c ->  UY6iH@.Ei%KFx=/l
0010: 2c0a 7532 3439 3335 3333 3930 3626 5e4d ->  ,.u2493533906&^M
0020: 2046 605e 4b4b 6e31 3439 3038 3038 3131 ->   F`^KKn149080811
0030: 5f3f 4838 5176 0942 3078 eb38 6335 3065 ->  _?H8Qv.B0x.8c50e
0040: 3965 3733 3838 6161 3131 6164 7434 635c ->  9e7388aa11adt4c\
0050: 4642 3437 3544 3535 3552 0c7c 2943 3631 ->  FB475D555R.|)C61
0060: 3638 3532 3431 7442 7720 4338 3635 3741 ->  685241tBw C8657A
0070: 3234 6561 3e72 5a6b 6700                ->  24ea>rZkg.

Error in test 92: ft_printf("o>BX;%p>5>8ujoqM%xQL#=A%pB0=%%#oj\f7<|j<f%iwj%c2\rKB%XeTS'/qv{%xnpPL", (void *)-7657864290199041689, 491568753, (void *)-6634866284839416615, 1675572492, -1535196189, -1951280020, -1996456946): returned: 124, but expected: 122
Error in test 92: ft_printf("o>BX;%p>5>8ujoqM%xQL#=A%pB0=%%#oj\f7<|j<f%iwj%c2\rKB%XeTS'/qv{%xnpPL", (void *)-7657864290199041689, 491568753, (void *)-6634866284839416615, 1675572492, -1535196189, -1951280020, -1996456946): different memory
expected:
0000: 6f3e 4258 3b30 7839 3562 3963 6430 3034 ->  o>BX;0x95b9cd004
0010: 6338 3938 3936 373e 353e 3875 6a6f 714d ->  c898967>5>8ujoqM
0020: 3164 3463 6265 3731 514c 233d 4130 7861 ->  1d4cbe71QL#=A0xa
0030: 3365 6333 3834 3435 3765 6534 6364 3942 ->  3ec384457ee4cd9B
0040: 303d 2523 6f6a 0c37 3c7c 6a3c 6631 3637 ->  0=%#oj.7<|j<f167
0050: 3535 3732 3439 3277 6ae3 320d 4b42 3842 ->  5572492wj.2.KB8B
0060: 4231 4434 3643 6554 5327 2f71 767b 3839 ->  B1D46CeTS'/qv{89
0070: 3030 3763 3065 6e70 504c 0011 11        ->  007c0enpPL...
yours:
0000: 6f3e 4258 3b30 784e 3935 6239 6364 3030 ->  o>BX;0xN95b9cd00
0010: 3463 3839 3839 3637 3e35 3e38 756a 6f71 ->  4c898967>5>8ujoq
0020: 4d31 6434 6362 6537 3151 4c23 3d41 3078 ->  M1d4cbe71QL#=A0x
0030: 4e61 3365 6333 3834 3435 3765 6534 6364 ->  Na3ec384457ee4cd
0040: 3942 303d 2523 6f6a 0c37 3c7c 6a3c 6631 ->  9B0=%#oj.7<|j<f1
0050: 3637 3535 3732 3439 3277 6ae3 320d 4b42 ->  675572492wj.2.KB
0060: 3842 4231 4434 3643 6554 5327 2f71 767b ->  8BB1D46CeTS'/qv{
0070: 3839 3030 3763 3065 6e70 504c 00        ->  89007c0enpPL.

Error in test 95: ft_printf("gA$_A82R=X%p9/~7Q}Z/%p]J$sAr%s%xCk %d,Rqri{Hec%d/B/VWE?Mg"", (void *)4620319521713196168, (void *)5973971469758256817, "xc=QR#L!<eZ8AkZ0l7\nN9\tDf}%[XhLGlks!\tWBF#?Z=F:\"}-)rLC${mQ1\"p=.\f\",Mck~d=*\rIOP7", 651981040, -824648372, 1385468995): returned: 188, but expected: 186
Error in test 95: ft_printf("gA$_A82R=X%p9/~7Q}Z/%p]J$sAr%s%xCk %d,Rqri{Hec%d/B/VWE?Mg"", (void *)4620319521713196168, (void *)5973971469758256817, "xc=QR#L!<eZ8AkZ0l7\nN9\tDf}%[XhLGlks!\tWBF#?Z=F:\"}-)rLC${mQ1\"p=.\f\",Mck~d=*\rIOP7", 651981040, -824648372, 1385468995): different memory
expected:
0000: 6741 245f 4138 3252 3d58 3078 3430 3165 ->  gA$_A82R=X0x401e
0010: 6163 3230 3230 3834 3863 3838 392f 7e37 ->  ac2020848c889/~7
0020: 517d 5a2f 3078 3532 6537 6366 3636 3739 ->  Q}Z/0x52e7cf6679
0030: 3432 3536 6231 5d4a 2473 4172 7863 3d51 ->  4256b1]J$sArxc=Q
0040: 5223 4c21 3c65 5a38 416b 5a30 6c37 0a4e ->  R#L!<eZ8AkZ0l7.N
0050: 3909 4466 7d25 5b58 684c 476c 6b73 2109 ->  9.Df}%[XhLGlks!.
0060: 5742 4623 3f5a 3d46 3a22 7d2d 2972 4c43 ->  WBF#?Z=F:"}-)rLC
0070: 247b 6d51 3122 703d 2e0c 222c 4d63 6b7e ->  ${mQ1"p=..",Mck~
0080: 643d 2a0d 494f 5037 3236 6463 3730 6630 ->  d=*.IOP726dc70f0
0090: 436b 202d 3832 3436 3438 3337 322c 5271 ->  Ck -824648372,Rq
00a0: 7269 7b48 6563 3133 3835 3436 3839 3935 ->  ri{Hec1385468995
00b0: 2f42 2f56 5745 3f4d 6722 0011 11        ->  /B/VWE?Mg"...
yours:
0000: 6741 245f 4138 3252 3d58 3078 3834 3031 ->  gA$_A82R=X0x8401
0010: 6561 6332 3032 3038 3438 6338 3839 2f7e ->  eac2020848c889/~
0020: 3751 7d5a 2f30 7838 3532 6537 6366 3636 ->  7Q}Z/0x852e7cf66
0030: 3739 3432 3536 6231 5d4a 2473 4172 7863 ->  794256b1]J$sArxc
0040: 3d51 5223 4c21 3c65 5a38 416b 5a30 6c37 ->  =QR#L!<eZ8AkZ0l7
0050: 0a4e 3909 4466 7d25 5b58 684c 476c 6b73 ->  .N9.Df}%[XhLGlks
0060: 2109 5742 4623 3f5a 3d46 3a22 7d2d 2972 ->  !.WBF#?Z=F:"}-)r
0070: 4c43 247b 6d51 3122 703d 2e0c 222c 4d63 ->  LC${mQ1"p=..",Mc
0080: 6b7e 643d 2a0d 494f 5037 3236 6463 3730 ->  k~d=*.IOP726dc70
0090: 6630 436b 202d 3832 3436 3438 3337 322c ->  f0Ck -824648372,
00a0: 5271 7269 7b48 6563 3133 3835 3436 3839 ->  Rqri{Hec13854689
00b0: 3935 2f42 2f56 5745 3f4d 6722 00        ->  95/B/VWE?Mg".

Error in test 97: ft_printf("R7^7%d\tS%id{nc%uZgB!RB, %plBJtM%xU0%iz0%dUk_LXG%i^I83ia%X\%s}Oq[C", -1587824698, -584507562, 377231621, (void *)-65808166547378374, 969097619, -1495252464, 1792105807, -1878977759, -1336862246, "/jYyp(i_\nh.\t=\tWW1!jK&/\vW<aI"): returned: 169, but expected: 168
Error in test 97: ft_printf("R7^7%d\tS%id{nc%uZgB!RB, %plBJtM%xU0%iz0%dUk_LXG%i^I83ia%X\%s}Oq[C", -1587824698, -584507562, 377231621, (void *)-65808166547378374, 969097619, -1495252464, 1792105807, -1878977759, -1336862246, "/jYyp(i_\nh.\t=\tWW1!jK&/\vW<aI"): different memory
expected:
0000: 5237 5e37 2d31 3538 3738 3234 3639 3809 ->  R7^7-1587824698.
0010: 532d 3538 3435 3037 3536 3264 7b6e 6333 ->  S-584507562d{nc3
0020: 3737 3233 3136 3231 5a67 4221 5242 2c20 ->  77231621ZgB!RB, 
0030: 3078 6666 3136 3333 6432 3339 3966 6166 ->  0xff1633d2399faf
0040: 3361 6c42 4a74 4d33 3963 3334 3139 3355 ->  3alBJtM39c34193U
0050: 302d 3134 3935 3235 3234 3634 7a30 3137 ->  0-1495252464z017
0060: 3932 3130 3538 3037 556b 5f4c 5847 2d31 ->  92105807Uk_LXG-1
0070: 3837 3839 3737 3735 395e 4938 3369 6142 ->  878977759^I83iaB
0080: 3035 3131 3944 415c 2f6a 5979 7028 695f ->  05119DA\/jYyp(i_
0090: 0a68 2e09 3d09 5757 3121 6a4b 262f 0b57 ->  .h..=.WW1!jK&/.W
00a0: 3c61 497d 4f71 5b43 0011                ->  <aI}Oq[C..
yours:
0000: 5237 5e37 2d31 3538 3738 3234 3639 3809 ->  R7^7-1587824698.
0010: 532d 3538 3435 3037 3536 3264 7b6e 6333 ->  S-584507562d{nc3
0020: 3737 3233 3136 3231 5a67 4221 5242 2c20 ->  77231621ZgB!RB, 
0030: 3078 0966 6631 3633 3364 3233 3939 6661 ->  0x.ff1633d2399fa
0040: 6633 616c 424a 744d 3339 6333 3431 3933 ->  f3alBJtM39c34193
0050: 5530 2d31 3439 3532 3532 3436 347a 3031 ->  U0-1495252464z01
0060: 3739 3231 3035 3830 3755 6b5f 4c58 472d ->  792105807Uk_LXG-
0070: 3138 3738 3937 3737 3539 5e49 3833 6961 ->  1878977759^I83ia
0080: 4230 3531 3139 4441 5c2f 6a59 7970 2869 ->  B05119DA\/jYyp(i
0090: 5f0a 682e 093d 0957 5731 216a 4b26 2f0b ->  _.h..=.WW1!jK&/.
00a0: 573c 6149 7d4f 715b 4300                ->  W<aI}Oq[C.

Error in test 98: ft_printf("{&9%i:SPZvN}%X%i`nYrz%phv&\t\v%XNTT", -824031878, 256262942, -1512028710, (void *)-2871865266001517092, -211148802): returned: 78, but expected: 77
Error in test 98: ft_printf("{&9%i:SPZvN}%X%i`nYrz%phv&\t\v%XNTT", -824031878, 256262942, -1512028710, (void *)-2871865266001517092, -211148802): different memory
expected:
0000: 7b26 392d 3832 3430 3331 3837 383a 5350 ->  {&9-824031878:SP
0010: 5a76 4e7d 4634 3634 3331 452d 3135 3132 ->  ZvN}F46431E-1512
0020: 3032 3837 3130 606e 5972 7a30 7864 3832 ->  028710`nYrz0xd82
0030: 3531 3563 3161 3133 3236 3564 6368 7626 ->  515c1a13265dchv&
0040: 090b 4633 3641 3146 4645 4e54 5400 11   ->  ..F36A1FFENTT..
yours:
0000: 7b26 392d 3832 3430 3331 3837 383a 5350 ->  {&9-824031878:SP
0010: 5a76 4e7d 4634 3634 3331 452d 3135 3132 ->  ZvN}F46431E-1512
0020: 3032 3837 3130 606e 5972 7a30 7826 6438 ->  028710`nYrz0x&d8
0030: 3235 3135 6331 6131 3332 3635 6463 6876 ->  2515c1a13265dchv
0040: 2609 0b46 3336 4131 4646 454e 5454 00   ->  &..F36A1FFENTT.

